2021-06-07 09:48:50,132 INFO org.hibernate.validator.internal.util.Version [background-preinit] HV000001: Hibernate Validator 6.1.7.Final
2021-06-07 09:48:50,217 INFO org.springframework.boot.logging.DeferredLog [restartedMain] Devtools property defaults active! Set 'spring.devtools.add-properties' to 'false' to disable
2021-06-07 09:48:51,199 INFO org.springframework.boot.SpringApplication [restartedMain] No active profile set, falling back to default profiles: default
2021-06-07 09:48:52,135 WARN org.mybatis.logging.Logger [restartedMain] No MyBatis mapper was found in '[com.jta.in.cws]' package. Please check your configuration.
2021-06-07 09:48:52,213 INFO org.springframework.cloud.context.scope.GenericScope [restartedMain] BeanFactory id=d227c23d-2d49-3272-8921-672e48788a23
2021-06-07 09:48:52,508 INFO org.springframework.context.support.PostProcessorRegistrationDelegate$BeanPostProcessorChecker [restartedMain] Bean 'org.springframework.security.access.expression.method.DefaultMethodSecurityExpressionHandler@5f8c7a8c' of type [org.springframework.security.access.expression.method.DefaultMethodSecurityExpressionHandler] is not eligible for getting processed by all BeanPostProcessors (for example: not eligible for auto-proxying)
2021-06-07 09:48:52,508 INFO org.springframework.context.support.PostProcessorRegistrationDelegate$BeanPostProcessorChecker [restartedMain] Bean 'methodSecurityMetadataSource' of type [org.springframework.security.access.method.DelegatingMethodSecurityMetadataSource] is not eligible for getting processed by all BeanPostProcessors (for example: not eligible for auto-proxying)
2021-06-07 09:48:53,453 INFO org.springframework.boot.web.embedded.tomcat.TomcatWebServer [restartedMain] Tomcat initialized with port(s): 8080 (http)
2021-06-07 09:48:53,463 INFO org.apache.juli.logging.DirectJDKLog [restartedMain] Initializing ProtocolHandler ["http-nio-8080"]
2021-06-07 09:48:53,464 INFO org.apache.juli.logging.DirectJDKLog [restartedMain] Starting service [Tomcat]
2021-06-07 09:48:53,465 INFO org.apache.juli.logging.DirectJDKLog [restartedMain] Starting Servlet engine: [Apache Tomcat/9.0.46]
2021-06-07 09:48:53,564 INFO org.apache.juli.logging.DirectJDKLog [restartedMain] Initializing Spring embedded WebApplicationContext
2021-06-07 09:48:53,564 INFO org.springframework.boot.web.servlet.context.ServletWebServerApplicationContext [restartedMain] Root WebApplicationContext: initialization completed in 2352 ms
2021-06-07 09:48:53,617 INFO com.zaxxer.hikari.HikariDataSource [restartedMain] HikariPool-1 - Starting...
2021-06-07 09:48:53,859 INFO com.zaxxer.hikari.HikariDataSource [restartedMain] HikariPool-1 - Start completed.
2021-06-07 09:48:53,867 INFO org.springframework.boot.autoconfigure.h2.H2ConsoleAutoConfiguration [restartedMain] H2 console available at '/h2-console'. Database available at 'jdbc:h2:mem:testdb'
2021-06-07 09:48:54,656 INFO org.springframework.security.web.DefaultSecurityFilterChain [restartedMain] Creating filter chain: any request, [org.springframework.security.web.context.request.async.WebAsyncManagerIntegrationFilter@2e335ffe, org.springframework.security.web.context.SecurityContextPersistenceFilter@587b07c0, org.springframework.security.web.header.HeaderWriterFilter@5de0565a, org.springframework.security.web.authentication.logout.LogoutFilter@5d39568d, com.jta.in.cws.config.JwtRequestFilter@6e412550, org.springframework.security.web.savedrequest.RequestCacheAwareFilter@21f55e30, org.springframework.security.web.servletapi.SecurityContextHolderAwareRequestFilter@7b01ea95, org.springframework.security.web.authentication.AnonymousAuthenticationFilter@431a9abb, org.springframework.security.web.session.SessionManagementFilter@3fc95dee, org.springframework.security.web.access.ExceptionTranslationFilter@48432854, org.springframework.security.web.access.intercept.FilterSecurityInterceptor@42e87fbf]
2021-06-07 09:48:54,686 WARN com.netflix.config.sources.URLConfigurationSource [restartedMain] No URLs will be polled as dynamic configuration sources.
2021-06-07 09:48:54,687 INFO com.netflix.config.sources.URLConfigurationSource [restartedMain] To enable URLs as dynamic configuration sources, define System property archaius.configurationSource.additionalUrls or make config.properties available on classpath.
2021-06-07 09:48:54,693 WARN com.netflix.config.sources.URLConfigurationSource [restartedMain] No URLs will be polled as dynamic configuration sources.
2021-06-07 09:48:54,694 INFO com.netflix.config.sources.URLConfigurationSource [restartedMain] To enable URLs as dynamic configuration sources, define System property archaius.configurationSource.additionalUrls or make config.properties available on classpath.
2021-06-07 09:48:54,859 INFO org.springframework.scheduling.concurrent.ExecutorConfigurationSupport [restartedMain] Initializing ExecutorService 'applicationTaskExecutor'
2021-06-07 09:48:55,169 INFO org.springframework.boot.devtools.autoconfigure.OptionalLiveReloadServer [restartedMain] LiveReload server is running on port 35729
2021-06-07 09:48:55,717 INFO org.springframework.cloud.netflix.eureka.config.DiscoveryClientOptionalArgsConfiguration [restartedMain] Eureka HTTP Client uses Jersey
2021-06-07 09:48:56,262 WARN org.springframework.cloud.loadbalancer.config.BlockingLoadBalancerClientAutoConfiguration$BlockingLoadBalancerClientRibbonWarnLogger [restartedMain] You already have RibbonLoadBalancerClient on your classpath. It will be used by default. As Spring Cloud Ribbon is in maintenance mode. We recommend switching to BlockingLoadBalancerClient instead. In order to use it, set the value of `spring.cloud.loadbalancer.ribbon.enabled` to `false` or remove spring-cloud-starter-netflix-ribbon from your project.
2021-06-07 09:48:56,322 INFO org.springframework.cloud.netflix.eureka.InstanceInfoFactory [restartedMain] Setting initial instance status as: STARTING
2021-06-07 09:48:56,403 INFO com.netflix.discovery.DiscoveryClient [restartedMain] Initializing Eureka in region us-east-1
2021-06-07 09:48:56,569 INFO com.netflix.discovery.provider.DiscoveryJerseyProvider [restartedMain] Using JSON encoding codec LegacyJacksonJson
2021-06-07 09:48:56,569 INFO com.netflix.discovery.provider.DiscoveryJerseyProvider [restartedMain] Using JSON decoding codec LegacyJacksonJson
2021-06-07 09:48:56,688 INFO com.netflix.discovery.provider.DiscoveryJerseyProvider [restartedMain] Using XML encoding codec XStreamXml
2021-06-07 09:48:56,688 INFO com.netflix.discovery.provider.DiscoveryJerseyProvider [restartedMain] Using XML decoding codec XStreamXml
2021-06-07 09:48:56,893 INFO com.netflix.discovery.shared.resolver.aws.ConfigClusterResolver [restartedMain] Resolving eureka endpoints via configuration
2021-06-07 09:48:57,239 INFO com.netflix.discovery.DiscoveryClient [restartedMain] Disable delta property : false
2021-06-07 09:48:57,240 INFO com.netflix.discovery.DiscoveryClient [restartedMain] Single vip registry refresh property : null
2021-06-07 09:48:57,240 INFO com.netflix.discovery.DiscoveryClient [restartedMain] Force full registry fetch : false
2021-06-07 09:48:57,240 INFO com.netflix.discovery.DiscoveryClient [restartedMain] Application is null : false
2021-06-07 09:48:57,240 INFO com.netflix.discovery.DiscoveryClient [restartedMain] Registered Applications size is zero : true
2021-06-07 09:48:57,240 INFO com.netflix.discovery.DiscoveryClient [restartedMain] Application version is -1: true
2021-06-07 09:48:57,240 INFO com.netflix.discovery.DiscoveryClient [restartedMain] Getting all instance registry info from the eureka server
2021-06-07 09:48:57,332 INFO com.netflix.discovery.DiscoveryClient [restartedMain] The response status is 200
2021-06-07 09:48:57,334 INFO com.netflix.discovery.DiscoveryClient [restartedMain] Starting heartbeat executor: renew interval is: 30
2021-06-07 09:48:57,336 INFO com.netflix.discovery.InstanceInfoReplicator [restartedMain] InstanceInfoReplicator onDemand update allowed rate per min is 4
2021-06-07 09:48:57,339 INFO com.netflix.discovery.DiscoveryClient [restartedMain] Discovery Client initialized at timestamp 1623039537338 with initial instances count: 0
2021-06-07 09:48:57,343 INFO org.springframework.cloud.netflix.eureka.serviceregistry.EurekaServiceRegistry [restartedMain] Registering application COMMON-SERVICES with eureka with status UP
2021-06-07 09:48:57,343 INFO com.netflix.discovery.DiscoveryClient$3 [restartedMain] Saw local status change event StatusChangeEvent [timestamp=1623039537343, current=UP, previous=STARTING]
2021-06-07 09:48:57,346 INFO com.netflix.discovery.DiscoveryClient [DiscoveryClient-InstanceInfoReplicator-0] DiscoveryClient_COMMON-SERVICES/DLLT-9201.nectechnologies.in:COMMON-SERVICES: registering service...
2021-06-07 09:48:57,347 INFO org.apache.juli.logging.DirectJDKLog [restartedMain] Starting ProtocolHandler ["http-nio-8080"]
2021-06-07 09:48:57,370 INFO org.springframework.boot.web.embedded.tomcat.TomcatWebServer [restartedMain] Tomcat started on port(s): 8080 (http) with context path ''
2021-06-07 09:48:57,371 INFO org.springframework.cloud.netflix.eureka.serviceregistry.EurekaAutoServiceRegistration [restartedMain] Updating port to 8080
2021-06-07 09:48:57,672 INFO com.netflix.discovery.DiscoveryClient [DiscoveryClient-InstanceInfoReplicator-0] DiscoveryClient_COMMON-SERVICES/DLLT-9201.nectechnologies.in:COMMON-SERVICES - registration status: 204
2021-06-07 09:48:57,925 INFO org.springframework.boot.StartupInfoLogger [restartedMain] Started CommonWebservicesApplication in 8.928 seconds (JVM running for 9.728)
2021-06-07 09:49:18,967 INFO org.apache.juli.logging.DirectJDKLog [http-nio-8080-exec-1] Initializing Spring DispatcherServlet 'dispatcherServlet'
2021-06-07 09:49:18,967 INFO org.springframework.web.servlet.FrameworkServlet [http-nio-8080-exec-1] Initializing Servlet 'dispatcherServlet'
2021-06-07 09:49:18,967 INFO org.springframework.web.servlet.FrameworkServlet [http-nio-8080-exec-1] Completed initialization in 0 ms
2021-06-07 09:49:18,983 WARN com.jta.in.cws.config.JwtRequestFilter [http-nio-8080-exec-1] JWT Token does not begin with Bearer String
2021-06-07 09:49:27,346 INFO com.netflix.discovery.DiscoveryClient [DiscoveryClient-CacheRefreshExecutor-0] Disable delta property : false
2021-06-07 09:49:27,347 INFO com.netflix.discovery.DiscoveryClient [DiscoveryClient-CacheRefreshExecutor-0] Single vip registry refresh property : null
2021-06-07 09:49:27,347 INFO com.netflix.discovery.DiscoveryClient [DiscoveryClient-CacheRefreshExecutor-0] Force full registry fetch : false
2021-06-07 09:49:27,347 INFO com.netflix.discovery.DiscoveryClient [DiscoveryClient-CacheRefreshExecutor-0] Application is null : false
2021-06-07 09:49:27,347 INFO com.netflix.discovery.DiscoveryClient [DiscoveryClient-CacheRefreshExecutor-0] Registered Applications size is zero : true
2021-06-07 09:49:27,347 INFO com.netflix.discovery.DiscoveryClient [DiscoveryClient-CacheRefreshExecutor-0] Application version is -1: false
2021-06-07 09:49:27,347 INFO com.netflix.discovery.DiscoveryClient [DiscoveryClient-CacheRefreshExecutor-0] Getting all instance registry info from the eureka server
2021-06-07 09:49:27,379 INFO com.netflix.discovery.DiscoveryClient [DiscoveryClient-CacheRefreshExecutor-0] The response status is 200
2021-06-07 09:50:38,876 WARN com.jta.in.cws.config.JwtRequestFilter [http-nio-8080-exec-3] JWT Token does not begin with Bearer String
2021-06-07 09:53:57,254 INFO com.netflix.discovery.shared.resolver.aws.ConfigClusterResolver [AsyncResolver-bootstrap-executor-0] Resolving eureka endpoints via configuration
2021-06-07 09:58:57,258 INFO com.netflix.discovery.shared.resolver.aws.ConfigClusterResolver [AsyncResolver-bootstrap-executor-0] Resolving eureka endpoints via configuration
2021-06-07 10:03:57,278 INFO com.netflix.discovery.shared.resolver.aws.ConfigClusterResolver [AsyncResolver-bootstrap-executor-0] Resolving eureka endpoints via configuration
2021-06-07 10:08:57,293 INFO com.netflix.discovery.shared.resolver.aws.ConfigClusterResolver [AsyncResolver-bootstrap-executor-0] Resolving eureka endpoints via configuration
