2021-06-02 17:29:21,017 INFO org.hibernate.validator.internal.util.Version [background-preinit] HV000001: Hibernate Validator 6.1.7.Final
2021-06-02 17:29:21,070 INFO org.springframework.boot.logging.DeferredLog [restartedMain] Devtools property defaults active! Set 'spring.devtools.add-properties' to 'false' to disable
2021-06-02 17:29:21,930 INFO org.springframework.boot.SpringApplication [restartedMain] No active profile set, falling back to default profiles: default
2021-06-02 17:29:22,678 WARN org.mybatis.logging.Logger [restartedMain] No MyBatis mapper was found in '[com.jta.in.cws]' package. Please check your configuration.
2021-06-02 17:29:22,763 INFO org.springframework.cloud.context.scope.GenericScope [restartedMain] BeanFactory id=0eaa32c0-5d92-3044-82cb-642967f74545
2021-06-02 17:29:23,886 INFO org.springframework.boot.web.embedded.tomcat.TomcatWebServer [restartedMain] Tomcat initialized with port(s): 8080 (http)
2021-06-02 17:29:23,896 INFO org.apache.juli.logging.DirectJDKLog [restartedMain] Initializing ProtocolHandler ["http-nio-8080"]
2021-06-02 17:29:23,896 INFO org.apache.juli.logging.DirectJDKLog [restartedMain] Starting service [Tomcat]
2021-06-02 17:29:23,904 INFO org.apache.juli.logging.DirectJDKLog [restartedMain] Starting Servlet engine: [Apache Tomcat/9.0.46]
2021-06-02 17:29:23,997 INFO org.apache.juli.logging.DirectJDKLog [restartedMain] Initializing Spring embedded WebApplicationContext
2021-06-02 17:29:23,997 INFO org.springframework.boot.web.servlet.context.ServletWebServerApplicationContext [restartedMain] Root WebApplicationContext: initialization completed in 2067 ms
2021-06-02 17:29:24,048 INFO com.zaxxer.hikari.HikariDataSource [restartedMain] HikariPool-1 - Starting...
2021-06-02 17:29:24,220 INFO com.zaxxer.hikari.HikariDataSource [restartedMain] HikariPool-1 - Start completed.
2021-06-02 17:29:24,230 INFO org.springframework.boot.autoconfigure.h2.H2ConsoleAutoConfiguration [restartedMain] H2 console available at '/h2-console'. Database available at 'jdbc:h2:mem:testdb'
2021-06-02 17:29:24,532 WARN com.netflix.config.sources.URLConfigurationSource [restartedMain] No URLs will be polled as dynamic configuration sources.
2021-06-02 17:29:24,532 INFO com.netflix.config.sources.URLConfigurationSource [restartedMain] To enable URLs as dynamic configuration sources, define System property archaius.configurationSource.additionalUrls or make config.properties available on classpath.
2021-06-02 17:29:24,542 WARN com.netflix.config.sources.URLConfigurationSource [restartedMain] No URLs will be polled as dynamic configuration sources.
2021-06-02 17:29:24,542 INFO com.netflix.config.sources.URLConfigurationSource [restartedMain] To enable URLs as dynamic configuration sources, define System property archaius.configurationSource.additionalUrls or make config.properties available on classpath.
2021-06-02 17:29:24,723 INFO org.springframework.scheduling.concurrent.ExecutorConfigurationSupport [restartedMain] Initializing ExecutorService 'applicationTaskExecutor'
2021-06-02 17:29:25,019 INFO org.springframework.boot.devtools.autoconfigure.OptionalLiveReloadServer [restartedMain] LiveReload server is running on port 35729
2021-06-02 17:29:25,552 INFO org.springframework.cloud.netflix.eureka.config.DiscoveryClientOptionalArgsConfiguration [restartedMain] Eureka HTTP Client uses Jersey
2021-06-02 17:29:26,107 WARN org.springframework.cloud.loadbalancer.config.BlockingLoadBalancerClientAutoConfiguration$BlockingLoadBalancerClientRibbonWarnLogger [restartedMain] You already have RibbonLoadBalancerClient on your classpath. It will be used by default. As Spring Cloud Ribbon is in maintenance mode. We recommend switching to BlockingLoadBalancerClient instead. In order to use it, set the value of `spring.cloud.loadbalancer.ribbon.enabled` to `false` or remove spring-cloud-starter-netflix-ribbon from your project.
2021-06-02 17:29:26,189 INFO org.springframework.cloud.netflix.eureka.InstanceInfoFactory [restartedMain] Setting initial instance status as: STARTING
2021-06-02 17:29:26,290 INFO com.netflix.discovery.DiscoveryClient [restartedMain] Initializing Eureka in region us-east-1
2021-06-02 17:29:26,472 INFO com.netflix.discovery.provider.DiscoveryJerseyProvider [restartedMain] Using JSON encoding codec LegacyJacksonJson
2021-06-02 17:29:26,472 INFO com.netflix.discovery.provider.DiscoveryJerseyProvider [restartedMain] Using JSON decoding codec LegacyJacksonJson
2021-06-02 17:29:26,611 INFO com.netflix.discovery.provider.DiscoveryJerseyProvider [restartedMain] Using XML encoding codec XStreamXml
2021-06-02 17:29:26,613 INFO com.netflix.discovery.provider.DiscoveryJerseyProvider [restartedMain] Using XML decoding codec XStreamXml
2021-06-02 17:29:26,806 INFO com.netflix.discovery.shared.resolver.aws.ConfigClusterResolver [restartedMain] Resolving eureka endpoints via configuration
2021-06-02 17:29:27,099 INFO com.netflix.discovery.DiscoveryClient [restartedMain] Disable delta property : false
2021-06-02 17:29:27,099 INFO com.netflix.discovery.DiscoveryClient [restartedMain] Single vip registry refresh property : null
2021-06-02 17:29:27,099 INFO com.netflix.discovery.DiscoveryClient [restartedMain] Force full registry fetch : false
2021-06-02 17:29:27,099 INFO com.netflix.discovery.DiscoveryClient [restartedMain] Application is null : false
2021-06-02 17:29:27,099 INFO com.netflix.discovery.DiscoveryClient [restartedMain] Registered Applications size is zero : true
2021-06-02 17:29:27,099 INFO com.netflix.discovery.DiscoveryClient [restartedMain] Application version is -1: true
2021-06-02 17:29:27,099 INFO com.netflix.discovery.DiscoveryClient [restartedMain] Getting all instance registry info from the eureka server
2021-06-02 17:29:27,261 INFO com.netflix.discovery.DiscoveryClient [restartedMain] The response status is 200
2021-06-02 17:29:27,261 INFO com.netflix.discovery.DiscoveryClient [restartedMain] Starting heartbeat executor: renew interval is: 30
2021-06-02 17:29:27,261 INFO com.netflix.discovery.InstanceInfoReplicator [restartedMain] InstanceInfoReplicator onDemand update allowed rate per min is 4
2021-06-02 17:29:27,269 INFO com.netflix.discovery.DiscoveryClient [restartedMain] Discovery Client initialized at timestamp 1622635167269 with initial instances count: 1
2021-06-02 17:29:27,271 INFO org.springframework.cloud.netflix.eureka.serviceregistry.EurekaServiceRegistry [restartedMain] Registering application COMMON-WEB-SERVICES with eureka with status UP
2021-06-02 17:29:27,271 INFO com.netflix.discovery.DiscoveryClient$3 [restartedMain] Saw local status change event StatusChangeEvent [timestamp=1622635167271, current=UP, previous=STARTING]
2021-06-02 17:29:27,271 INFO com.netflix.discovery.DiscoveryClient [DiscoveryClient-InstanceInfoReplicator-0] DiscoveryClient_COMMON-WEB-SERVICES/DLLT-9201.nectechnologies.in:COMMON-WEB-SERVICES: registering service...
2021-06-02 17:29:27,271 INFO org.apache.juli.logging.DirectJDKLog [restartedMain] Starting ProtocolHandler ["http-nio-8080"]
2021-06-02 17:29:27,289 INFO org.springframework.boot.web.embedded.tomcat.TomcatWebServer [restartedMain] Tomcat started on port(s): 8080 (http) with context path ''
2021-06-02 17:29:27,289 INFO org.springframework.cloud.netflix.eureka.serviceregistry.EurekaAutoServiceRegistration [restartedMain] Updating port to 8080
2021-06-02 17:29:27,305 INFO com.netflix.discovery.DiscoveryClient [DiscoveryClient-InstanceInfoReplicator-0] DiscoveryClient_COMMON-WEB-SERVICES/DLLT-9201.nectechnologies.in:COMMON-WEB-SERVICES - registration status: 204
2021-06-02 17:29:27,675 INFO org.springframework.boot.StartupInfoLogger [restartedMain] Started CommonWebservicesApplication in 7.729 seconds (JVM running for 8.481)
2021-06-02 17:29:58,978 INFO org.apache.juli.logging.DirectJDKLog [http-nio-8080-exec-1] Initializing Spring DispatcherServlet 'dispatcherServlet'
2021-06-02 17:29:58,979 INFO org.springframework.web.servlet.FrameworkServlet [http-nio-8080-exec-1] Initializing Servlet 'dispatcherServlet'
2021-06-02 17:29:58,987 INFO org.springframework.web.servlet.FrameworkServlet [http-nio-8080-exec-1] Completed initialization in 8 ms
2021-06-02 17:29:59,237 ERROR org.apache.juli.logging.DirectJDKLog [http-nio-8080-exec-1] Servlet.service() for servlet [dispatcherServlet] in context with path [] threw exception [Request processing failed; nested exception is org.springframework.jdbc.BadSqlGrammarException: 
### Error updating database.  Cause: org.h2.jdbc.JdbcSQLSyntaxErrorException: Table "STUDENT" not found; SQL statement:
INSERT INTO student (name, branch, percentage, phone, email )
        VALUES (?, ?, ?, ?, ?); [42102-200]
### The error may exist in mybatis-mapper-xml/integrationSQLMap.xml
### The error may involve Student.insert
### The error occurred while executing an update
### SQL: INSERT INTO student (name, branch, percentage, phone, email )         VALUES (?, ?, ?, ?, ?);
### Cause: org.h2.jdbc.JdbcSQLSyntaxErrorException: Table "STUDENT" not found; SQL statement:
INSERT INTO student (name, branch, percentage, phone, email )
        VALUES (?, ?, ?, ?, ?); [42102-200]
; bad SQL grammar []; nested exception is org.h2.jdbc.JdbcSQLSyntaxErrorException: Table "STUDENT" not found; SQL statement:
INSERT INTO student (name, branch, percentage, phone, email )
        VALUES (?, ?, ?, ?, ?); [42102-200]] with root cause
org.h2.jdbc.JdbcSQLSyntaxErrorException: Table "STUDENT" not found; SQL statement:
INSERT INTO student (name, branch, percentage, phone, email )
        VALUES (?, ?, ?, ?, ?); [42102-200]
	at org.h2.message.DbException.getJdbcSQLException(DbException.java:453)
	at org.h2.message.DbException.getJdbcSQLException(DbException.java:429)
	at org.h2.message.DbException.get(DbException.java:205)
	at org.h2.message.DbException.get(DbException.java:181)
	at org.h2.command.Parser.readTableOrView(Parser.java:7628)
	at org.h2.command.Parser.readTableOrView(Parser.java:7599)
	at org.h2.command.Parser.parseInsert(Parser.java:1747)
	at org.h2.command.Parser.parsePrepared(Parser.java:954)
	at org.h2.command.Parser.parse(Parser.java:843)
	at org.h2.command.Parser.parse(Parser.java:815)
	at org.h2.command.Parser.prepareCommand(Parser.java:738)
	at org.h2.engine.Session.prepareLocal(Session.java:657)
	at org.h2.engine.Session.prepareCommand(Session.java:595)
	at org.h2.jdbc.JdbcConnection.prepareCommand(JdbcConnection.java:1235)
	at org.h2.jdbc.JdbcPreparedStatement.<init>(JdbcPreparedStatement.java:76)
	at org.h2.jdbc.JdbcConnection.prepareStatement(JdbcConnection.java:352)
	at com.zaxxer.hikari.pool.ProxyConnection.prepareStatement(ProxyConnection.java:337)
	at com.zaxxer.hikari.pool.HikariProxyConnection.prepareStatement(HikariProxyConnection.java)
	at org.apache.ibatis.executor.statement.PreparedStatementHandler.instantiateStatement(PreparedStatementHandler.java:86)
	at org.apache.ibatis.executor.statement.BaseStatementHandler.prepare(BaseStatementHandler.java:88)
	at org.apache.ibatis.executor.statement.RoutingStatementHandler.prepare(RoutingStatementHandler.java:59)
	at org.apache.ibatis.executor.SimpleExecutor.prepareStatement(SimpleExecutor.java:87)
	at org.apache.ibatis.executor.SimpleExecutor.doUpdate(SimpleExecutor.java:49)
	at org.apache.ibatis.executor.BaseExecutor.update(BaseExecutor.java:117)
	at org.apache.ibatis.executor.CachingExecutor.update(CachingExecutor.java:76)
	at org.apache.ibatis.session.defaults.DefaultSqlSession.update(DefaultSqlSession.java:197)
	at org.apache.ibatis.session.defaults.DefaultSqlSession.insert(DefaultSqlSession.java:184)
	at sun.reflect.NativeMethodAccessorImpl.invoke0(Native Method)
	at sun.reflect.NativeMethodAccessorImpl.invoke(NativeMethodAccessorImpl.java:62)
	at sun.reflect.DelegatingMethodAccessorImpl.invoke(DelegatingMethodAccessorImpl.java:43)
	at java.lang.reflect.Method.invoke(Method.java:498)
	at org.mybatis.spring.SqlSessionTemplate$SqlSessionInterceptor.invoke(SqlSessionTemplate.java:427)
	at com.sun.proxy.$Proxy81.insert(Unknown Source)
	at org.mybatis.spring.SqlSessionTemplate.insert(SqlSessionTemplate.java:272)
	at com.jta.in.cws.controller.TestController.getSqlSession(TestController.java:20)
	at sun.reflect.NativeMethodAccessorImpl.invoke0(Native Method)
	at sun.reflect.NativeMethodAccessorImpl.invoke(NativeMethodAccessorImpl.java:62)
	at sun.reflect.DelegatingMethodAccessorImpl.invoke(DelegatingMethodAccessorImpl.java:43)
	at java.lang.reflect.Method.invoke(Method.java:498)
	at org.springframework.web.method.support.InvocableHandlerMethod.doInvoke(InvocableHandlerMethod.java:190)
	at org.springframework.web.method.support.InvocableHandlerMethod.invokeForRequest(InvocableHandlerMethod.java:138)
	at org.springframework.web.servlet.mvc.method.annotation.ServletInvocableHandlerMethod.invokeAndHandle(ServletInvocableHandlerMethod.java:105)
	at org.springframework.web.servlet.mvc.method.annotation.RequestMappingHandlerAdapter.invokeHandlerMethod(RequestMappingHandlerAdapter.java:878)
	at org.springframework.web.servlet.mvc.method.annotation.RequestMappingHandlerAdapter.handleInternal(RequestMappingHandlerAdapter.java:792)
	at org.springframework.web.servlet.mvc.method.AbstractHandlerMethodAdapter.handle(AbstractHandlerMethodAdapter.java:87)
	at org.springframework.web.servlet.DispatcherServlet.doDispatch(DispatcherServlet.java:1040)
	at org.springframework.web.servlet.DispatcherServlet.doService(DispatcherServlet.java:943)
	at org.springframework.web.servlet.FrameworkServlet.processRequest(FrameworkServlet.java:1006)
	at org.springframework.web.servlet.FrameworkServlet.doGet(FrameworkServlet.java:898)
	at javax.servlet.http.HttpServlet.service(HttpServlet.java:626)
	at org.springframework.web.servlet.FrameworkServlet.service(FrameworkServlet.java:883)
	at javax.servlet.http.HttpServlet.service(HttpServlet.java:733)
	at org.apache.catalina.core.ApplicationFilterChain.internalDoFilter(ApplicationFilterChain.java:227)
	at org.apache.catalina.core.ApplicationFilterChain.doFilter(ApplicationFilterChain.java:162)
	at org.apache.tomcat.websocket.server.WsFilter.doFilter(WsFilter.java:53)
	at org.apache.catalina.core.ApplicationFilterChain.internalDoFilter(ApplicationFilterChain.java:189)
	at org.apache.catalina.core.ApplicationFilterChain.doFilter(ApplicationFilterChain.java:162)
	at org.springframework.web.filter.RequestContextFilter.doFilterInternal(RequestContextFilter.java:100)
	at org.springframework.web.filter.OncePerRequestFilter.doFilter(OncePerRequestFilter.java:119)
	at org.apache.catalina.core.ApplicationFilterChain.internalDoFilter(ApplicationFilterChain.java:189)
	at org.apache.catalina.core.ApplicationFilterChain.doFilter(ApplicationFilterChain.java:162)
	at org.springframework.web.filter.FormContentFilter.doFilterInternal(FormContentFilter.java:93)
	at org.springframework.web.filter.OncePerRequestFilter.doFilter(OncePerRequestFilter.java:119)
	at org.apache.catalina.core.ApplicationFilterChain.internalDoFilter(ApplicationFilterChain.java:189)
	at org.apache.catalina.core.ApplicationFilterChain.doFilter(ApplicationFilterChain.java:162)
	at org.springframework.web.filter.CharacterEncodingFilter.doFilterInternal(CharacterEncodingFilter.java:201)
	at org.springframework.web.filter.OncePerRequestFilter.doFilter(OncePerRequestFilter.java:119)
	at org.apache.catalina.core.ApplicationFilterChain.internalDoFilter(ApplicationFilterChain.java:189)
	at org.apache.catalina.core.ApplicationFilterChain.doFilter(ApplicationFilterChain.java:162)
	at org.apache.catalina.core.StandardWrapperValve.invoke(StandardWrapperValve.java:202)
	at org.apache.catalina.core.StandardContextValve.invoke(StandardContextValve.java:97)
	at org.apache.catalina.authenticator.AuthenticatorBase.invoke(AuthenticatorBase.java:542)
	at org.apache.catalina.core.StandardHostValve.invoke(StandardHostValve.java:143)
	at org.apache.catalina.valves.ErrorReportValve.invoke(ErrorReportValve.java:92)
	at org.apache.catalina.core.StandardEngineValve.invoke(StandardEngineValve.java:78)
	at org.apache.catalina.connector.CoyoteAdapter.service(CoyoteAdapter.java:357)
	at org.apache.coyote.http11.Http11Processor.service(Http11Processor.java:374)
	at org.apache.coyote.AbstractProcessorLight.process(AbstractProcessorLight.java:65)
	at org.apache.coyote.AbstractProtocol$ConnectionHandler.process(AbstractProtocol.java:893)
	at org.apache.tomcat.util.net.NioEndpoint$SocketProcessor.doRun(NioEndpoint.java:1707)
	at org.apache.tomcat.util.net.SocketProcessorBase.run(SocketProcessorBase.java:49)
	at java.util.concurrent.ThreadPoolExecutor.runWorker(ThreadPoolExecutor.java:1149)
	at java.util.concurrent.ThreadPoolExecutor$Worker.run(ThreadPoolExecutor.java:624)
	at org.apache.tomcat.util.threads.TaskThread$WrappingRunnable.run(TaskThread.java:61)
	at java.lang.Thread.run(Thread.java:748)
2021-06-02 17:32:45,935 INFO org.hibernate.validator.internal.util.Version [background-preinit] HV000001: Hibernate Validator 6.1.7.Final
2021-06-02 17:32:46,001 INFO org.springframework.boot.logging.DeferredLog [restartedMain] Devtools property defaults active! Set 'spring.devtools.add-properties' to 'false' to disable
2021-06-02 17:32:46,919 INFO org.springframework.boot.SpringApplication [restartedMain] No active profile set, falling back to default profiles: default
2021-06-02 17:32:47,627 WARN org.mybatis.logging.Logger [restartedMain] No MyBatis mapper was found in '[com.jta.in.cws]' package. Please check your configuration.
2021-06-02 17:32:47,706 INFO org.springframework.cloud.context.scope.GenericScope [restartedMain] BeanFactory id=0eaa32c0-5d92-3044-82cb-642967f74545
2021-06-02 17:32:48,639 INFO org.springframework.boot.web.embedded.tomcat.TomcatWebServer [restartedMain] Tomcat initialized with port(s): 8080 (http)
2021-06-02 17:32:48,650 INFO org.apache.juli.logging.DirectJDKLog [restartedMain] Initializing ProtocolHandler ["http-nio-8080"]
2021-06-02 17:32:48,651 INFO org.apache.juli.logging.DirectJDKLog [restartedMain] Starting service [Tomcat]
2021-06-02 17:32:48,651 INFO org.apache.juli.logging.DirectJDKLog [restartedMain] Starting Servlet engine: [Apache Tomcat/9.0.46]
2021-06-02 17:32:48,756 INFO org.apache.juli.logging.DirectJDKLog [restartedMain] Initializing Spring embedded WebApplicationContext
2021-06-02 17:32:48,756 INFO org.springframework.boot.web.servlet.context.ServletWebServerApplicationContext [restartedMain] Root WebApplicationContext: initialization completed in 1821 ms
2021-06-02 17:32:48,811 INFO com.zaxxer.hikari.HikariDataSource [restartedMain] HikariPool-1 - Starting...
2021-06-02 17:32:49,040 INFO com.zaxxer.hikari.HikariDataSource [restartedMain] HikariPool-1 - Start completed.
2021-06-02 17:32:49,047 INFO org.springframework.boot.autoconfigure.h2.H2ConsoleAutoConfiguration [restartedMain] H2 console available at '/h2-console'. Database available at 'jdbc:h2:mem:testdb'
2021-06-02 17:32:49,361 WARN com.netflix.config.sources.URLConfigurationSource [restartedMain] No URLs will be polled as dynamic configuration sources.
2021-06-02 17:32:49,361 INFO com.netflix.config.sources.URLConfigurationSource [restartedMain] To enable URLs as dynamic configuration sources, define System property archaius.configurationSource.additionalUrls or make config.properties available on classpath.
2021-06-02 17:32:49,369 WARN com.netflix.config.sources.URLConfigurationSource [restartedMain] No URLs will be polled as dynamic configuration sources.
2021-06-02 17:32:49,369 INFO com.netflix.config.sources.URLConfigurationSource [restartedMain] To enable URLs as dynamic configuration sources, define System property archaius.configurationSource.additionalUrls or make config.properties available on classpath.
2021-06-02 17:32:49,562 INFO org.springframework.scheduling.concurrent.ExecutorConfigurationSupport [restartedMain] Initializing ExecutorService 'applicationTaskExecutor'
2021-06-02 17:32:49,860 INFO org.springframework.boot.devtools.autoconfigure.OptionalLiveReloadServer [restartedMain] LiveReload server is running on port 35729
2021-06-02 17:32:50,309 INFO org.springframework.cloud.netflix.eureka.config.DiscoveryClientOptionalArgsConfiguration [restartedMain] Eureka HTTP Client uses Jersey
2021-06-02 17:32:50,800 WARN org.springframework.cloud.loadbalancer.config.BlockingLoadBalancerClientAutoConfiguration$BlockingLoadBalancerClientRibbonWarnLogger [restartedMain] You already have RibbonLoadBalancerClient on your classpath. It will be used by default. As Spring Cloud Ribbon is in maintenance mode. We recommend switching to BlockingLoadBalancerClient instead. In order to use it, set the value of `spring.cloud.loadbalancer.ribbon.enabled` to `false` or remove spring-cloud-starter-netflix-ribbon from your project.
2021-06-02 17:32:50,879 INFO org.springframework.cloud.netflix.eureka.InstanceInfoFactory [restartedMain] Setting initial instance status as: STARTING
2021-06-02 17:32:50,965 INFO com.netflix.discovery.DiscoveryClient [restartedMain] Initializing Eureka in region us-east-1
2021-06-02 17:32:51,157 INFO com.netflix.discovery.provider.DiscoveryJerseyProvider [restartedMain] Using JSON encoding codec LegacyJacksonJson
2021-06-02 17:32:51,157 INFO com.netflix.discovery.provider.DiscoveryJerseyProvider [restartedMain] Using JSON decoding codec LegacyJacksonJson
2021-06-02 17:32:51,324 INFO com.netflix.discovery.provider.DiscoveryJerseyProvider [restartedMain] Using XML encoding codec XStreamXml
2021-06-02 17:32:51,324 INFO com.netflix.discovery.provider.DiscoveryJerseyProvider [restartedMain] Using XML decoding codec XStreamXml
2021-06-02 17:32:51,502 INFO com.netflix.discovery.shared.resolver.aws.ConfigClusterResolver [restartedMain] Resolving eureka endpoints via configuration
2021-06-02 17:32:51,771 INFO com.netflix.discovery.DiscoveryClient [restartedMain] Disable delta property : false
2021-06-02 17:32:51,772 INFO com.netflix.discovery.DiscoveryClient [restartedMain] Single vip registry refresh property : null
2021-06-02 17:32:51,772 INFO com.netflix.discovery.DiscoveryClient [restartedMain] Force full registry fetch : false
2021-06-02 17:32:51,773 INFO com.netflix.discovery.DiscoveryClient [restartedMain] Application is null : false
2021-06-02 17:32:51,773 INFO com.netflix.discovery.DiscoveryClient [restartedMain] Registered Applications size is zero : true
2021-06-02 17:32:51,773 INFO com.netflix.discovery.DiscoveryClient [restartedMain] Application version is -1: true
2021-06-02 17:32:51,774 INFO com.netflix.discovery.DiscoveryClient [restartedMain] Getting all instance registry info from the eureka server
2021-06-02 17:32:51,955 INFO com.netflix.discovery.DiscoveryClient [restartedMain] The response status is 200
2021-06-02 17:32:51,958 INFO com.netflix.discovery.DiscoveryClient [restartedMain] Starting heartbeat executor: renew interval is: 30
2021-06-02 17:32:51,961 INFO com.netflix.discovery.InstanceInfoReplicator [restartedMain] InstanceInfoReplicator onDemand update allowed rate per min is 4
2021-06-02 17:32:51,964 INFO com.netflix.discovery.DiscoveryClient [restartedMain] Discovery Client initialized at timestamp 1622635371963 with initial instances count: 1
2021-06-02 17:32:51,966 INFO org.springframework.cloud.netflix.eureka.serviceregistry.EurekaServiceRegistry [restartedMain] Registering application COMMON-WEB-SERVICES with eureka with status UP
2021-06-02 17:32:51,966 INFO com.netflix.discovery.DiscoveryClient$3 [restartedMain] Saw local status change event StatusChangeEvent [timestamp=1622635371966, current=UP, previous=STARTING]
2021-06-02 17:32:51,968 INFO com.netflix.discovery.DiscoveryClient [DiscoveryClient-InstanceInfoReplicator-0] DiscoveryClient_COMMON-WEB-SERVICES/DLLT-9201.nectechnologies.in:COMMON-WEB-SERVICES: registering service...
2021-06-02 17:32:51,969 INFO org.apache.juli.logging.DirectJDKLog [restartedMain] Starting ProtocolHandler ["http-nio-8080"]
2021-06-02 17:32:51,993 INFO org.springframework.boot.web.embedded.tomcat.TomcatWebServer [restartedMain] Tomcat started on port(s): 8080 (http) with context path ''
2021-06-02 17:32:51,994 INFO org.springframework.cloud.netflix.eureka.serviceregistry.EurekaAutoServiceRegistration [restartedMain] Updating port to 8080
2021-06-02 17:32:52,015 INFO com.netflix.discovery.DiscoveryClient [DiscoveryClient-InstanceInfoReplicator-0] DiscoveryClient_COMMON-WEB-SERVICES/DLLT-9201.nectechnologies.in:COMMON-WEB-SERVICES - registration status: 204
2021-06-02 17:32:52,369 INFO org.springframework.boot.StartupInfoLogger [restartedMain] Started CommonWebservicesApplication in 7.433 seconds (JVM running for 8.084)
2021-06-02 17:34:18,865 INFO org.hibernate.validator.internal.util.Version [background-preinit] HV000001: Hibernate Validator 6.1.7.Final
2021-06-02 17:34:18,959 INFO org.springframework.boot.logging.DeferredLog [restartedMain] Devtools property defaults active! Set 'spring.devtools.add-properties' to 'false' to disable
2021-06-02 17:34:19,920 INFO org.springframework.boot.SpringApplication [restartedMain] No active profile set, falling back to default profiles: default
2021-06-02 17:34:20,622 WARN org.mybatis.logging.Logger [restartedMain] No MyBatis mapper was found in '[com.jta.in.cws]' package. Please check your configuration.
2021-06-02 17:34:20,732 INFO org.springframework.cloud.context.scope.GenericScope [restartedMain] BeanFactory id=0eaa32c0-5d92-3044-82cb-642967f74545
2021-06-02 17:34:21,662 INFO org.springframework.boot.web.embedded.tomcat.TomcatWebServer [restartedMain] Tomcat initialized with port(s): 8080 (http)
2021-06-02 17:34:21,671 INFO org.apache.juli.logging.DirectJDKLog [restartedMain] Initializing ProtocolHandler ["http-nio-8080"]
2021-06-02 17:34:21,672 INFO org.apache.juli.logging.DirectJDKLog [restartedMain] Starting service [Tomcat]
2021-06-02 17:34:21,672 INFO org.apache.juli.logging.DirectJDKLog [restartedMain] Starting Servlet engine: [Apache Tomcat/9.0.46]
2021-06-02 17:34:21,773 INFO org.apache.juli.logging.DirectJDKLog [restartedMain] Initializing Spring embedded WebApplicationContext
2021-06-02 17:34:21,773 INFO org.springframework.boot.web.servlet.context.ServletWebServerApplicationContext [restartedMain] Root WebApplicationContext: initialization completed in 1834 ms
2021-06-02 17:34:21,821 INFO com.zaxxer.hikari.HikariDataSource [restartedMain] HikariPool-1 - Starting...
2021-06-02 17:34:22,018 INFO com.zaxxer.hikari.HikariDataSource [restartedMain] HikariPool-1 - Start completed.
2021-06-02 17:34:22,025 INFO org.springframework.boot.autoconfigure.h2.H2ConsoleAutoConfiguration [restartedMain] H2 console available at '/h2-console'. Database available at 'jdbc:h2:mem:testdb'
2021-06-02 17:34:22,312 WARN com.netflix.config.sources.URLConfigurationSource [restartedMain] No URLs will be polled as dynamic configuration sources.
2021-06-02 17:34:22,312 INFO com.netflix.config.sources.URLConfigurationSource [restartedMain] To enable URLs as dynamic configuration sources, define System property archaius.configurationSource.additionalUrls or make config.properties available on classpath.
2021-06-02 17:34:22,320 WARN com.netflix.config.sources.URLConfigurationSource [restartedMain] No URLs will be polled as dynamic configuration sources.
2021-06-02 17:34:22,321 INFO com.netflix.config.sources.URLConfigurationSource [restartedMain] To enable URLs as dynamic configuration sources, define System property archaius.configurationSource.additionalUrls or make config.properties available on classpath.
2021-06-02 17:34:22,515 INFO org.springframework.scheduling.concurrent.ExecutorConfigurationSupport [restartedMain] Initializing ExecutorService 'applicationTaskExecutor'
2021-06-02 17:34:22,809 INFO org.springframework.boot.devtools.autoconfigure.OptionalLiveReloadServer [restartedMain] LiveReload server is running on port 35729
2021-06-02 17:34:23,325 INFO org.springframework.cloud.netflix.eureka.config.DiscoveryClientOptionalArgsConfiguration [restartedMain] Eureka HTTP Client uses Jersey
2021-06-02 17:34:23,811 WARN org.springframework.cloud.loadbalancer.config.BlockingLoadBalancerClientAutoConfiguration$BlockingLoadBalancerClientRibbonWarnLogger [restartedMain] You already have RibbonLoadBalancerClient on your classpath. It will be used by default. As Spring Cloud Ribbon is in maintenance mode. We recommend switching to BlockingLoadBalancerClient instead. In order to use it, set the value of `spring.cloud.loadbalancer.ribbon.enabled` to `false` or remove spring-cloud-starter-netflix-ribbon from your project.
2021-06-02 17:34:23,877 INFO org.springframework.cloud.netflix.eureka.InstanceInfoFactory [restartedMain] Setting initial instance status as: STARTING
2021-06-02 17:34:23,963 INFO com.netflix.discovery.DiscoveryClient [restartedMain] Initializing Eureka in region us-east-1
2021-06-02 17:34:24,116 INFO com.netflix.discovery.provider.DiscoveryJerseyProvider [restartedMain] Using JSON encoding codec LegacyJacksonJson
2021-06-02 17:34:24,117 INFO com.netflix.discovery.provider.DiscoveryJerseyProvider [restartedMain] Using JSON decoding codec LegacyJacksonJson
2021-06-02 17:34:24,221 INFO com.netflix.discovery.provider.DiscoveryJerseyProvider [restartedMain] Using XML encoding codec XStreamXml
2021-06-02 17:34:24,222 INFO com.netflix.discovery.provider.DiscoveryJerseyProvider [restartedMain] Using XML decoding codec XStreamXml
2021-06-02 17:34:24,393 INFO com.netflix.discovery.shared.resolver.aws.ConfigClusterResolver [restartedMain] Resolving eureka endpoints via configuration
2021-06-02 17:34:24,699 INFO com.netflix.discovery.DiscoveryClient [restartedMain] Disable delta property : false
2021-06-02 17:34:24,699 INFO com.netflix.discovery.DiscoveryClient [restartedMain] Single vip registry refresh property : null
2021-06-02 17:34:24,699 INFO com.netflix.discovery.DiscoveryClient [restartedMain] Force full registry fetch : false
2021-06-02 17:34:24,699 INFO com.netflix.discovery.DiscoveryClient [restartedMain] Application is null : false
2021-06-02 17:34:24,699 INFO com.netflix.discovery.DiscoveryClient [restartedMain] Registered Applications size is zero : true
2021-06-02 17:34:24,699 INFO com.netflix.discovery.DiscoveryClient [restartedMain] Application version is -1: true
2021-06-02 17:34:24,699 INFO com.netflix.discovery.DiscoveryClient [restartedMain] Getting all instance registry info from the eureka server
2021-06-02 17:34:24,896 INFO com.netflix.discovery.DiscoveryClient [restartedMain] The response status is 200
2021-06-02 17:34:24,904 INFO com.netflix.discovery.DiscoveryClient [restartedMain] Starting heartbeat executor: renew interval is: 30
2021-06-02 17:34:24,906 INFO com.netflix.discovery.InstanceInfoReplicator [restartedMain] InstanceInfoReplicator onDemand update allowed rate per min is 4
2021-06-02 17:34:24,906 INFO com.netflix.discovery.DiscoveryClient [restartedMain] Discovery Client initialized at timestamp 1622635464906 with initial instances count: 1
2021-06-02 17:34:24,906 INFO org.springframework.cloud.netflix.eureka.serviceregistry.EurekaServiceRegistry [restartedMain] Registering application COMMON-WEB-SERVICES with eureka with status UP
2021-06-02 17:34:24,906 INFO com.netflix.discovery.DiscoveryClient$3 [restartedMain] Saw local status change event StatusChangeEvent [timestamp=1622635464906, current=UP, previous=STARTING]
2021-06-02 17:34:24,914 INFO com.netflix.discovery.DiscoveryClient [DiscoveryClient-InstanceInfoReplicator-0] DiscoveryClient_COMMON-WEB-SERVICES/DLLT-9201.nectechnologies.in:COMMON-WEB-SERVICES: registering service...
2021-06-02 17:34:24,914 INFO org.apache.juli.logging.DirectJDKLog [restartedMain] Starting ProtocolHandler ["http-nio-8080"]
2021-06-02 17:34:24,944 INFO org.springframework.boot.web.embedded.tomcat.TomcatWebServer [restartedMain] Tomcat started on port(s): 8080 (http) with context path ''
2021-06-02 17:34:24,946 INFO org.springframework.cloud.netflix.eureka.serviceregistry.EurekaAutoServiceRegistration [restartedMain] Updating port to 8080
2021-06-02 17:34:24,966 INFO com.netflix.discovery.DiscoveryClient [DiscoveryClient-InstanceInfoReplicator-0] DiscoveryClient_COMMON-WEB-SERVICES/DLLT-9201.nectechnologies.in:COMMON-WEB-SERVICES - registration status: 204
2021-06-02 17:34:25,451 INFO org.springframework.boot.StartupInfoLogger [restartedMain] Started CommonWebservicesApplication in 7.676 seconds (JVM running for 8.41)
2021-06-02 17:35:02,893 INFO org.apache.juli.logging.DirectJDKLog [http-nio-8080-exec-4] Initializing Spring DispatcherServlet 'dispatcherServlet'
2021-06-02 17:35:02,893 INFO org.springframework.web.servlet.FrameworkServlet [http-nio-8080-exec-4] Initializing Servlet 'dispatcherServlet'
2021-06-02 17:35:02,898 INFO org.springframework.web.servlet.FrameworkServlet [http-nio-8080-exec-4] Completed initialization in 5 ms
2021-06-02 17:39:24,715 INFO com.netflix.discovery.shared.resolver.aws.ConfigClusterResolver [AsyncResolver-bootstrap-executor-0] Resolving eureka endpoints via configuration
2021-06-02 17:42:18,405 INFO org.hibernate.validator.internal.util.Version [background-preinit] HV000001: Hibernate Validator 6.1.7.Final
2021-06-02 17:42:18,513 INFO org.springframework.boot.logging.DeferredLog [restartedMain] Devtools property defaults active! Set 'spring.devtools.add-properties' to 'false' to disable
2021-06-02 17:42:19,564 INFO org.springframework.boot.SpringApplication [restartedMain] No active profile set, falling back to default profiles: default
2021-06-02 17:42:20,477 WARN org.mybatis.logging.Logger [restartedMain] No MyBatis mapper was found in '[com.jta.in.cws]' package. Please check your configuration.
2021-06-02 17:42:20,581 INFO org.springframework.cloud.context.scope.GenericScope [restartedMain] BeanFactory id=0eaa32c0-5d92-3044-82cb-642967f74545
2021-06-02 17:42:21,710 INFO org.springframework.boot.web.embedded.tomcat.TomcatWebServer [restartedMain] Tomcat initialized with port(s): 8080 (http)
2021-06-02 17:42:21,723 INFO org.apache.juli.logging.DirectJDKLog [restartedMain] Initializing ProtocolHandler ["http-nio-8080"]
2021-06-02 17:42:21,724 INFO org.apache.juli.logging.DirectJDKLog [restartedMain] Starting service [Tomcat]
2021-06-02 17:42:21,724 INFO org.apache.juli.logging.DirectJDKLog [restartedMain] Starting Servlet engine: [Apache Tomcat/9.0.46]
2021-06-02 17:42:21,840 INFO org.apache.juli.logging.DirectJDKLog [restartedMain] Initializing Spring embedded WebApplicationContext
2021-06-02 17:42:21,840 INFO org.springframework.boot.web.servlet.context.ServletWebServerApplicationContext [restartedMain] Root WebApplicationContext: initialization completed in 2258 ms
2021-06-02 17:42:21,898 INFO com.zaxxer.hikari.HikariDataSource [restartedMain] HikariPool-1 - Starting...
2021-06-02 17:42:22,114 INFO com.zaxxer.hikari.HikariDataSource [restartedMain] HikariPool-1 - Start completed.
2021-06-02 17:42:22,122 INFO org.springframework.boot.autoconfigure.h2.H2ConsoleAutoConfiguration [restartedMain] H2 console available at '/h2-console'. Database available at 'jdbc:h2:mem:testdb'
2021-06-02 17:42:22,470 WARN com.netflix.config.sources.URLConfigurationSource [restartedMain] No URLs will be polled as dynamic configuration sources.
2021-06-02 17:42:22,471 INFO com.netflix.config.sources.URLConfigurationSource [restartedMain] To enable URLs as dynamic configuration sources, define System property archaius.configurationSource.additionalUrls or make config.properties available on classpath.
2021-06-02 17:42:22,479 WARN com.netflix.config.sources.URLConfigurationSource [restartedMain] No URLs will be polled as dynamic configuration sources.
2021-06-02 17:42:22,479 INFO com.netflix.config.sources.URLConfigurationSource [restartedMain] To enable URLs as dynamic configuration sources, define System property archaius.configurationSource.additionalUrls or make config.properties available on classpath.
2021-06-02 17:42:22,692 INFO org.springframework.scheduling.concurrent.ExecutorConfigurationSupport [restartedMain] Initializing ExecutorService 'applicationTaskExecutor'
2021-06-02 17:42:23,068 INFO org.springframework.boot.devtools.autoconfigure.OptionalLiveReloadServer [restartedMain] LiveReload server is running on port 35729
2021-06-02 17:42:23,739 INFO org.springframework.cloud.netflix.eureka.config.DiscoveryClientOptionalArgsConfiguration [restartedMain] Eureka HTTP Client uses Jersey
2021-06-02 17:42:24,341 WARN org.springframework.cloud.loadbalancer.config.BlockingLoadBalancerClientAutoConfiguration$BlockingLoadBalancerClientRibbonWarnLogger [restartedMain] You already have RibbonLoadBalancerClient on your classpath. It will be used by default. As Spring Cloud Ribbon is in maintenance mode. We recommend switching to BlockingLoadBalancerClient instead. In order to use it, set the value of `spring.cloud.loadbalancer.ribbon.enabled` to `false` or remove spring-cloud-starter-netflix-ribbon from your project.
2021-06-02 17:42:24,417 INFO org.springframework.cloud.netflix.eureka.InstanceInfoFactory [restartedMain] Setting initial instance status as: STARTING
2021-06-02 17:42:24,496 INFO com.netflix.discovery.DiscoveryClient [restartedMain] Initializing Eureka in region us-east-1
2021-06-02 17:42:24,766 INFO com.netflix.discovery.provider.DiscoveryJerseyProvider [restartedMain] Using JSON encoding codec LegacyJacksonJson
2021-06-02 17:42:24,766 INFO com.netflix.discovery.provider.DiscoveryJerseyProvider [restartedMain] Using JSON decoding codec LegacyJacksonJson
2021-06-02 17:42:24,919 INFO com.netflix.discovery.provider.DiscoveryJerseyProvider [restartedMain] Using XML encoding codec XStreamXml
2021-06-02 17:42:24,919 INFO com.netflix.discovery.provider.DiscoveryJerseyProvider [restartedMain] Using XML decoding codec XStreamXml
2021-06-02 17:42:25,162 INFO com.netflix.discovery.shared.resolver.aws.ConfigClusterResolver [restartedMain] Resolving eureka endpoints via configuration
2021-06-02 17:42:25,439 INFO com.netflix.discovery.DiscoveryClient [restartedMain] Disable delta property : false
2021-06-02 17:42:25,439 INFO com.netflix.discovery.DiscoveryClient [restartedMain] Single vip registry refresh property : null
2021-06-02 17:42:25,439 INFO com.netflix.discovery.DiscoveryClient [restartedMain] Force full registry fetch : false
2021-06-02 17:42:25,439 INFO com.netflix.discovery.DiscoveryClient [restartedMain] Application is null : false
2021-06-02 17:42:25,440 INFO com.netflix.discovery.DiscoveryClient [restartedMain] Registered Applications size is zero : true
2021-06-02 17:42:25,444 INFO com.netflix.discovery.DiscoveryClient [restartedMain] Application version is -1: true
2021-06-02 17:42:25,445 INFO com.netflix.discovery.DiscoveryClient [restartedMain] Getting all instance registry info from the eureka server
2021-06-02 17:42:25,615 INFO com.netflix.discovery.DiscoveryClient [restartedMain] The response status is 200
2021-06-02 17:42:25,618 INFO com.netflix.discovery.DiscoveryClient [restartedMain] Starting heartbeat executor: renew interval is: 30
2021-06-02 17:42:25,621 INFO com.netflix.discovery.InstanceInfoReplicator [restartedMain] InstanceInfoReplicator onDemand update allowed rate per min is 4
2021-06-02 17:42:25,625 INFO com.netflix.discovery.DiscoveryClient [restartedMain] Discovery Client initialized at timestamp 1622635945624 with initial instances count: 1
2021-06-02 17:42:25,627 INFO org.springframework.cloud.netflix.eureka.serviceregistry.EurekaServiceRegistry [restartedMain] Registering application COMMON-WEB-SERVICES with eureka with status UP
2021-06-02 17:42:25,628 INFO com.netflix.discovery.DiscoveryClient$3 [restartedMain] Saw local status change event StatusChangeEvent [timestamp=1622635945628, current=UP, previous=STARTING]
2021-06-02 17:42:25,630 INFO com.netflix.discovery.DiscoveryClient [DiscoveryClient-InstanceInfoReplicator-0] DiscoveryClient_COMMON-WEB-SERVICES/DLLT-9201.nectechnologies.in:COMMON-WEB-SERVICES: registering service...
2021-06-02 17:42:25,632 INFO org.apache.juli.logging.DirectJDKLog [restartedMain] Starting ProtocolHandler ["http-nio-8080"]
2021-06-02 17:42:25,662 INFO org.springframework.boot.web.embedded.tomcat.TomcatWebServer [restartedMain] Tomcat started on port(s): 8080 (http) with context path ''
2021-06-02 17:42:25,663 INFO org.springframework.cloud.netflix.eureka.serviceregistry.EurekaAutoServiceRegistration [restartedMain] Updating port to 8080
2021-06-02 17:42:25,687 INFO com.netflix.discovery.DiscoveryClient [DiscoveryClient-InstanceInfoReplicator-0] DiscoveryClient_COMMON-WEB-SERVICES/DLLT-9201.nectechnologies.in:COMMON-WEB-SERVICES - registration status: 204
2021-06-02 17:42:26,049 INFO org.springframework.boot.StartupInfoLogger [restartedMain] Started CommonWebservicesApplication in 8.6 seconds (JVM running for 9.503)
2021-06-02 17:42:36,172 INFO org.apache.juli.logging.DirectJDKLog [http-nio-8080-exec-1] Initializing Spring DispatcherServlet 'dispatcherServlet'
2021-06-02 17:42:36,172 INFO org.springframework.web.servlet.FrameworkServlet [http-nio-8080-exec-1] Initializing Servlet 'dispatcherServlet'
2021-06-02 17:42:36,179 INFO org.springframework.web.servlet.FrameworkServlet [http-nio-8080-exec-1] Completed initialization in 6 ms
2021-06-02 17:42:36,255 INFO com.jta.in.cws.controller.TestController [http-nio-8080-exec-1] createNewTableIfNotExists: 0
2021-06-02 17:42:36,256 INFO com.jta.in.cws.controller.TestController [http-nio-8080-exec-1] inser: 1
2021-06-02 17:42:36,390 INFO com.jta.in.cws.controller.TestController [http-nio-8080-exec-1] DATA: Student{id=1, name='Aliko', branch='CS', percentage=0, phone=0, email='ACS@gmail.com'}
2021-06-02 17:42:36,390 INFO com.jta.in.cws.controller.TestController [http-nio-8080-exec-1] DATA: Student{id=2, name='Bill', branch='IT', percentage=90, phone=8080, email='bill@gmail.com'}
2021-06-02 17:42:36,390 INFO com.jta.in.cws.controller.TestController [http-nio-8080-exec-1] DATA: Student{id=3, name='Folrunsho', branch='EE', percentage=0, phone=0, email='f_rusho@hotmail.com'}
2021-06-02 17:42:36,390 INFO com.jta.in.cws.controller.TestController [http-nio-8080-exec-1] DATA: Student{id=4, name='Test', branch='MC', percentage=80, phone=8909, email='Test@gmail.com'}
2021-06-02 17:43:00,404 INFO com.jta.in.cws.controller.TestController [http-nio-8080-exec-2] createNewTableIfNotExists: 0
2021-06-02 17:43:00,405 INFO com.jta.in.cws.controller.TestController [http-nio-8080-exec-2] inser: 1
2021-06-02 17:43:00,406 INFO com.jta.in.cws.controller.TestController [http-nio-8080-exec-2] DATA: Student{id=1, name='Aliko', branch='CS', percentage=0, phone=0, email='ACS@gmail.com'}
2021-06-02 17:43:00,406 INFO com.jta.in.cws.controller.TestController [http-nio-8080-exec-2] DATA: Student{id=2, name='Bill', branch='IT', percentage=90, phone=8080, email='bill@gmail.com'}
2021-06-02 17:43:00,407 INFO com.jta.in.cws.controller.TestController [http-nio-8080-exec-2] DATA: Student{id=3, name='Folrunsho', branch='EE', percentage=0, phone=0, email='f_rusho@hotmail.com'}
2021-06-02 17:43:00,407 INFO com.jta.in.cws.controller.TestController [http-nio-8080-exec-2] DATA: Student{id=4, name='Test', branch='MC', percentage=80, phone=8909, email='Test@gmail.com'}
2021-06-02 17:43:18,618 INFO com.jta.in.cws.controller.TestController [http-nio-8080-exec-3] createNewTableIfNotExists: 0
2021-06-02 17:43:18,620 INFO com.jta.in.cws.controller.TestController [http-nio-8080-exec-3] inser: 1
2021-06-02 17:43:18,621 INFO com.jta.in.cws.controller.TestController [http-nio-8080-exec-3] DATA: Student{id=1, name='Aliko', branch='CS', percentage=0, phone=0, email='ACS@gmail.com'}
2021-06-02 17:43:18,622 INFO com.jta.in.cws.controller.TestController [http-nio-8080-exec-3] DATA: Student{id=2, name='Bill', branch='IT', percentage=90, phone=8080, email='bill@gmail.com'}
2021-06-02 17:43:18,622 INFO com.jta.in.cws.controller.TestController [http-nio-8080-exec-3] DATA: Student{id=3, name='Folrunsho', branch='EE', percentage=0, phone=0, email='f_rusho@hotmail.com'}
2021-06-02 17:43:18,622 INFO com.jta.in.cws.controller.TestController [http-nio-8080-exec-3] DATA: Student{id=4, name='Test', branch='MC', percentage=80, phone=8909, email='Test@gmail.com'}
2021-06-02 17:43:45,301 INFO org.hibernate.validator.internal.util.Version [background-preinit] HV000001: Hibernate Validator 6.1.7.Final
2021-06-02 17:43:45,386 INFO org.springframework.boot.logging.DeferredLog [restartedMain] Devtools property defaults active! Set 'spring.devtools.add-properties' to 'false' to disable
2021-06-02 17:43:46,197 INFO org.springframework.boot.SpringApplication [restartedMain] No active profile set, falling back to default profiles: default
2021-06-02 17:43:46,914 WARN org.mybatis.logging.Logger [restartedMain] No MyBatis mapper was found in '[com.jta.in.cws]' package. Please check your configuration.
2021-06-02 17:43:46,999 INFO org.springframework.cloud.context.scope.GenericScope [restartedMain] BeanFactory id=0eaa32c0-5d92-3044-82cb-642967f74545
2021-06-02 17:43:47,925 INFO org.springframework.boot.web.embedded.tomcat.TomcatWebServer [restartedMain] Tomcat initialized with port(s): 8080 (http)
2021-06-02 17:43:47,925 INFO org.apache.juli.logging.DirectJDKLog [restartedMain] Initializing ProtocolHandler ["http-nio-8080"]
2021-06-02 17:43:47,925 INFO org.apache.juli.logging.DirectJDKLog [restartedMain] Starting service [Tomcat]
2021-06-02 17:43:47,925 INFO org.apache.juli.logging.DirectJDKLog [restartedMain] Starting Servlet engine: [Apache Tomcat/9.0.46]
2021-06-02 17:43:48,025 INFO org.apache.juli.logging.DirectJDKLog [restartedMain] Initializing Spring embedded WebApplicationContext
2021-06-02 17:43:48,025 INFO org.springframework.boot.web.servlet.context.ServletWebServerApplicationContext [restartedMain] Root WebApplicationContext: initialization completed in 1813 ms
2021-06-02 17:43:48,079 INFO com.zaxxer.hikari.HikariDataSource [restartedMain] HikariPool-1 - Starting...
2021-06-02 17:43:48,262 INFO com.zaxxer.hikari.HikariDataSource [restartedMain] HikariPool-1 - Start completed.
2021-06-02 17:43:48,268 INFO org.springframework.boot.autoconfigure.h2.H2ConsoleAutoConfiguration [restartedMain] H2 console available at '/h2-console'. Database available at 'jdbc:h2:mem:testdb'
2021-06-02 17:43:48,570 WARN com.netflix.config.sources.URLConfigurationSource [restartedMain] No URLs will be polled as dynamic configuration sources.
2021-06-02 17:43:48,571 INFO com.netflix.config.sources.URLConfigurationSource [restartedMain] To enable URLs as dynamic configuration sources, define System property archaius.configurationSource.additionalUrls or make config.properties available on classpath.
2021-06-02 17:43:48,578 WARN com.netflix.config.sources.URLConfigurationSource [restartedMain] No URLs will be polled as dynamic configuration sources.
2021-06-02 17:43:48,578 INFO com.netflix.config.sources.URLConfigurationSource [restartedMain] To enable URLs as dynamic configuration sources, define System property archaius.configurationSource.additionalUrls or make config.properties available on classpath.
2021-06-02 17:43:48,779 INFO org.springframework.scheduling.concurrent.ExecutorConfigurationSupport [restartedMain] Initializing ExecutorService 'applicationTaskExecutor'
2021-06-02 17:43:49,068 INFO org.springframework.boot.devtools.autoconfigure.OptionalLiveReloadServer [restartedMain] LiveReload server is running on port 35729
2021-06-02 17:43:49,530 INFO org.springframework.cloud.netflix.eureka.config.DiscoveryClientOptionalArgsConfiguration [restartedMain] Eureka HTTP Client uses Jersey
2021-06-02 17:43:50,108 WARN org.springframework.cloud.loadbalancer.config.BlockingLoadBalancerClientAutoConfiguration$BlockingLoadBalancerClientRibbonWarnLogger [restartedMain] You already have RibbonLoadBalancerClient on your classpath. It will be used by default. As Spring Cloud Ribbon is in maintenance mode. We recommend switching to BlockingLoadBalancerClient instead. In order to use it, set the value of `spring.cloud.loadbalancer.ribbon.enabled` to `false` or remove spring-cloud-starter-netflix-ribbon from your project.
2021-06-02 17:43:50,181 INFO org.springframework.cloud.netflix.eureka.InstanceInfoFactory [restartedMain] Setting initial instance status as: STARTING
2021-06-02 17:43:50,262 INFO com.netflix.discovery.DiscoveryClient [restartedMain] Initializing Eureka in region us-east-1
2021-06-02 17:43:50,449 INFO com.netflix.discovery.provider.DiscoveryJerseyProvider [restartedMain] Using JSON encoding codec LegacyJacksonJson
2021-06-02 17:43:50,456 INFO com.netflix.discovery.provider.DiscoveryJerseyProvider [restartedMain] Using JSON decoding codec LegacyJacksonJson
2021-06-02 17:43:50,609 INFO com.netflix.discovery.provider.DiscoveryJerseyProvider [restartedMain] Using XML encoding codec XStreamXml
2021-06-02 17:43:50,610 INFO com.netflix.discovery.provider.DiscoveryJerseyProvider [restartedMain] Using XML decoding codec XStreamXml
2021-06-02 17:43:50,900 INFO com.netflix.discovery.shared.resolver.aws.ConfigClusterResolver [restartedMain] Resolving eureka endpoints via configuration
2021-06-02 17:43:51,175 INFO com.netflix.discovery.DiscoveryClient [restartedMain] Disable delta property : false
2021-06-02 17:43:51,176 INFO com.netflix.discovery.DiscoveryClient [restartedMain] Single vip registry refresh property : null
2021-06-02 17:43:51,176 INFO com.netflix.discovery.DiscoveryClient [restartedMain] Force full registry fetch : false
2021-06-02 17:43:51,176 INFO com.netflix.discovery.DiscoveryClient [restartedMain] Application is null : false
2021-06-02 17:43:51,177 INFO com.netflix.discovery.DiscoveryClient [restartedMain] Registered Applications size is zero : true
2021-06-02 17:43:51,177 INFO com.netflix.discovery.DiscoveryClient [restartedMain] Application version is -1: true
2021-06-02 17:43:51,177 INFO com.netflix.discovery.DiscoveryClient [restartedMain] Getting all instance registry info from the eureka server
2021-06-02 17:43:51,349 INFO com.netflix.discovery.DiscoveryClient [restartedMain] The response status is 200
2021-06-02 17:43:51,351 INFO com.netflix.discovery.DiscoveryClient [restartedMain] Starting heartbeat executor: renew interval is: 30
2021-06-02 17:43:51,354 INFO com.netflix.discovery.InstanceInfoReplicator [restartedMain] InstanceInfoReplicator onDemand update allowed rate per min is 4
2021-06-02 17:43:51,357 INFO com.netflix.discovery.DiscoveryClient [restartedMain] Discovery Client initialized at timestamp 1622636031356 with initial instances count: 1
2021-06-02 17:43:51,359 INFO org.springframework.cloud.netflix.eureka.serviceregistry.EurekaServiceRegistry [restartedMain] Registering application COMMON-WEB-SERVICES with eureka with status UP
2021-06-02 17:43:51,360 INFO com.netflix.discovery.DiscoveryClient$3 [restartedMain] Saw local status change event StatusChangeEvent [timestamp=1622636031360, current=UP, previous=STARTING]
2021-06-02 17:43:51,364 INFO com.netflix.discovery.DiscoveryClient [DiscoveryClient-InstanceInfoReplicator-0] DiscoveryClient_COMMON-WEB-SERVICES/DLLT-9201.nectechnologies.in:COMMON-WEB-SERVICES: registering service...
2021-06-02 17:43:51,364 INFO org.apache.juli.logging.DirectJDKLog [restartedMain] Starting ProtocolHandler ["http-nio-8080"]
2021-06-02 17:43:51,396 INFO org.springframework.boot.web.embedded.tomcat.TomcatWebServer [restartedMain] Tomcat started on port(s): 8080 (http) with context path ''
2021-06-02 17:43:51,398 INFO org.springframework.cloud.netflix.eureka.serviceregistry.EurekaAutoServiceRegistration [restartedMain] Updating port to 8080
2021-06-02 17:43:51,429 INFO com.netflix.discovery.DiscoveryClient [DiscoveryClient-InstanceInfoReplicator-0] DiscoveryClient_COMMON-WEB-SERVICES/DLLT-9201.nectechnologies.in:COMMON-WEB-SERVICES - registration status: 204
2021-06-02 17:43:51,828 INFO org.springframework.boot.StartupInfoLogger [restartedMain] Started CommonWebservicesApplication in 7.484 seconds (JVM running for 8.137)
2021-06-02 17:44:22,319 INFO org.apache.juli.logging.DirectJDKLog [http-nio-8080-exec-1] Initializing Spring DispatcherServlet 'dispatcherServlet'
2021-06-02 17:44:22,320 INFO org.springframework.web.servlet.FrameworkServlet [http-nio-8080-exec-1] Initializing Servlet 'dispatcherServlet'
2021-06-02 17:44:22,327 INFO org.springframework.web.servlet.FrameworkServlet [http-nio-8080-exec-1] Completed initialization in 7 ms
2021-06-02 17:44:22,396 INFO com.jta.in.cws.controller.TestController [http-nio-8080-exec-1] createNewTableIfNotExists: 0
2021-06-02 17:44:22,398 INFO com.jta.in.cws.controller.TestController [http-nio-8080-exec-1] inser: 1
2021-06-02 17:44:22,541 INFO com.jta.in.cws.controller.TestController [http-nio-8080-exec-1] DATA: Student{id=1, name='Aliko', branch='CS', percentage=0, phone=0, email='ACS@gmail.com'}
2021-06-02 17:44:22,541 INFO com.jta.in.cws.controller.TestController [http-nio-8080-exec-1] DATA: Student{id=2, name='Bill', branch='IT', percentage=90, phone=8080, email='bill@gmail.com'}
2021-06-02 17:44:22,541 INFO com.jta.in.cws.controller.TestController [http-nio-8080-exec-1] DATA: Student{id=3, name='Folrunsho', branch='EE', percentage=0, phone=0, email='f_rusho@hotmail.com'}
2021-06-02 17:44:22,542 INFO com.jta.in.cws.controller.TestController [http-nio-8080-exec-1] DATA: Student{id=4, name='Test', branch='MC', percentage=80, phone=8909, email='Test@gmail.com'}
2021-06-02 17:44:25,025 ERROR org.apache.juli.logging.DirectJDKLog [http-nio-8080-exec-2] Servlet.service() for servlet [dispatcherServlet] in context with path [] threw exception [Request processing failed; nested exception is org.springframework.jdbc.BadSqlGrammarException: 
### Error updating database.  Cause: org.h2.jdbc.JdbcSQLSyntaxErrorException: Table "STUDENT" already exists; SQL statement:
CREATE TABLE student (
        id INT AUTO_INCREMENT  PRIMARY KEY,
        name VARCHAR(250) NOT NULL,
        branch VARCHAR(250) NOT NULL,
        email VARCHAR(250) DEFAULT NULL,
        percentage INT NOT NULL DEFAULT 0,
        phone INT NOT NULL DEFAULT 0
        ); [42101-200]
### The error may exist in mybatis-mapper-xml/integrationSQLMap.xml
### The error may involve defaultParameterMap
### The error occurred while setting parameters
### SQL: CREATE TABLE student (         id INT AUTO_INCREMENT  PRIMARY KEY,         name VARCHAR(250) NOT NULL,         branch VARCHAR(250) NOT NULL,         email VARCHAR(250) DEFAULT NULL,         percentage INT NOT NULL DEFAULT 0,         phone INT NOT NULL DEFAULT 0         );          INSERT INTO student (name, branch, email,percentage,phone) VALUES         ('Aliko', 'CS', 'ACS@gmail.com',0,0),         ('Bill', 'IT', 'bill@gmail.com',90,8080),         ('Folrunsho', 'EE', 'f_rusho@hotmail.com',0,0);
### Cause: org.h2.jdbc.JdbcSQLSyntaxErrorException: Table "STUDENT" already exists; SQL statement:
CREATE TABLE student (
        id INT AUTO_INCREMENT  PRIMARY KEY,
        name VARCHAR(250) NOT NULL,
        branch VARCHAR(250) NOT NULL,
        email VARCHAR(250) DEFAULT NULL,
        percentage INT NOT NULL DEFAULT 0,
        phone INT NOT NULL DEFAULT 0
        ); [42101-200]
; bad SQL grammar []; nested exception is org.h2.jdbc.JdbcSQLSyntaxErrorException: Table "STUDENT" already exists; SQL statement:
CREATE TABLE student (
        id INT AUTO_INCREMENT  PRIMARY KEY,
        name VARCHAR(250) NOT NULL,
        branch VARCHAR(250) NOT NULL,
        email VARCHAR(250) DEFAULT NULL,
        percentage INT NOT NULL DEFAULT 0,
        phone INT NOT NULL DEFAULT 0
        ); [42101-200]] with root cause
org.h2.jdbc.JdbcSQLSyntaxErrorException: Table "STUDENT" already exists; SQL statement:
CREATE TABLE student (
        id INT AUTO_INCREMENT  PRIMARY KEY,
        name VARCHAR(250) NOT NULL,
        branch VARCHAR(250) NOT NULL,
        email VARCHAR(250) DEFAULT NULL,
        percentage INT NOT NULL DEFAULT 0,
        phone INT NOT NULL DEFAULT 0
        ); [42101-200]
	at org.h2.message.DbException.getJdbcSQLException(DbException.java:453)
	at org.h2.message.DbException.getJdbcSQLException(DbException.java:429)
	at org.h2.message.DbException.get(DbException.java:205)
	at org.h2.message.DbException.get(DbException.java:181)
	at org.h2.command.ddl.CreateTable.update(CreateTable.java:89)
	at org.h2.command.CommandContainer.update(CommandContainer.java:198)
	at org.h2.command.Command.executeUpdate(Command.java:251)
	at org.h2.command.CommandList.update(CommandList.java:66)
	at org.h2.command.Command.executeUpdate(Command.java:251)
	at org.h2.jdbc.JdbcPreparedStatement.execute(JdbcPreparedStatement.java:240)
	at com.zaxxer.hikari.pool.ProxyPreparedStatement.execute(ProxyPreparedStatement.java:44)
	at com.zaxxer.hikari.pool.HikariProxyPreparedStatement.execute(HikariProxyPreparedStatement.java)
	at org.apache.ibatis.executor.statement.PreparedStatementHandler.update(PreparedStatementHandler.java:47)
	at org.apache.ibatis.executor.statement.RoutingStatementHandler.update(RoutingStatementHandler.java:74)
	at org.apache.ibatis.executor.SimpleExecutor.doUpdate(SimpleExecutor.java:50)
	at org.apache.ibatis.executor.BaseExecutor.update(BaseExecutor.java:117)
	at org.apache.ibatis.executor.CachingExecutor.update(CachingExecutor.java:76)
	at org.apache.ibatis.session.defaults.DefaultSqlSession.update(DefaultSqlSession.java:197)
	at org.apache.ibatis.session.defaults.DefaultSqlSession.insert(DefaultSqlSession.java:184)
	at org.apache.ibatis.session.defaults.DefaultSqlSession.insert(DefaultSqlSession.java:179)
	at sun.reflect.NativeMethodAccessorImpl.invoke0(Native Method)
	at sun.reflect.NativeMethodAccessorImpl.invoke(NativeMethodAccessorImpl.java:62)
	at sun.reflect.DelegatingMethodAccessorImpl.invoke(DelegatingMethodAccessorImpl.java:43)
	at java.lang.reflect.Method.invoke(Method.java:498)
	at org.mybatis.spring.SqlSessionTemplate$SqlSessionInterceptor.invoke(SqlSessionTemplate.java:427)
	at com.sun.proxy.$Proxy81.insert(Unknown Source)
	at org.mybatis.spring.SqlSessionTemplate.insert(SqlSessionTemplate.java:264)
	at com.jta.in.cws.controller.TestController.getSqlSession(TestController.java:24)
	at sun.reflect.NativeMethodAccessorImpl.invoke0(Native Method)
	at sun.reflect.NativeMethodAccessorImpl.invoke(NativeMethodAccessorImpl.java:62)
	at sun.reflect.DelegatingMethodAccessorImpl.invoke(DelegatingMethodAccessorImpl.java:43)
	at java.lang.reflect.Method.invoke(Method.java:498)
	at org.springframework.web.method.support.InvocableHandlerMethod.doInvoke(InvocableHandlerMethod.java:190)
	at org.springframework.web.method.support.InvocableHandlerMethod.invokeForRequest(InvocableHandlerMethod.java:138)
	at org.springframework.web.servlet.mvc.method.annotation.ServletInvocableHandlerMethod.invokeAndHandle(ServletInvocableHandlerMethod.java:105)
	at org.springframework.web.servlet.mvc.method.annotation.RequestMappingHandlerAdapter.invokeHandlerMethod(RequestMappingHandlerAdapter.java:878)
	at org.springframework.web.servlet.mvc.method.annotation.RequestMappingHandlerAdapter.handleInternal(RequestMappingHandlerAdapter.java:792)
	at org.springframework.web.servlet.mvc.method.AbstractHandlerMethodAdapter.handle(AbstractHandlerMethodAdapter.java:87)
	at org.springframework.web.servlet.DispatcherServlet.doDispatch(DispatcherServlet.java:1040)
	at org.springframework.web.servlet.DispatcherServlet.doService(DispatcherServlet.java:943)
	at org.springframework.web.servlet.FrameworkServlet.processRequest(FrameworkServlet.java:1006)
	at org.springframework.web.servlet.FrameworkServlet.doGet(FrameworkServlet.java:898)
	at javax.servlet.http.HttpServlet.service(HttpServlet.java:626)
	at org.springframework.web.servlet.FrameworkServlet.service(FrameworkServlet.java:883)
	at javax.servlet.http.HttpServlet.service(HttpServlet.java:733)
	at org.apache.catalina.core.ApplicationFilterChain.internalDoFilter(ApplicationFilterChain.java:227)
	at org.apache.catalina.core.ApplicationFilterChain.doFilter(ApplicationFilterChain.java:162)
	at org.apache.tomcat.websocket.server.WsFilter.doFilter(WsFilter.java:53)
	at org.apache.catalina.core.ApplicationFilterChain.internalDoFilter(ApplicationFilterChain.java:189)
	at org.apache.catalina.core.ApplicationFilterChain.doFilter(ApplicationFilterChain.java:162)
	at org.springframework.web.filter.RequestContextFilter.doFilterInternal(RequestContextFilter.java:100)
	at org.springframework.web.filter.OncePerRequestFilter.doFilter(OncePerRequestFilter.java:119)
	at org.apache.catalina.core.ApplicationFilterChain.internalDoFilter(ApplicationFilterChain.java:189)
	at org.apache.catalina.core.ApplicationFilterChain.doFilter(ApplicationFilterChain.java:162)
	at org.springframework.web.filter.FormContentFilter.doFilterInternal(FormContentFilter.java:93)
	at org.springframework.web.filter.OncePerRequestFilter.doFilter(OncePerRequestFilter.java:119)
	at org.apache.catalina.core.ApplicationFilterChain.internalDoFilter(ApplicationFilterChain.java:189)
	at org.apache.catalina.core.ApplicationFilterChain.doFilter(ApplicationFilterChain.java:162)
	at org.springframework.web.filter.CharacterEncodingFilter.doFilterInternal(CharacterEncodingFilter.java:201)
	at org.springframework.web.filter.OncePerRequestFilter.doFilter(OncePerRequestFilter.java:119)
	at org.apache.catalina.core.ApplicationFilterChain.internalDoFilter(ApplicationFilterChain.java:189)
	at org.apache.catalina.core.ApplicationFilterChain.doFilter(ApplicationFilterChain.java:162)
	at org.apache.catalina.core.StandardWrapperValve.invoke(StandardWrapperValve.java:202)
	at org.apache.catalina.core.StandardContextValve.invoke(StandardContextValve.java:97)
	at org.apache.catalina.authenticator.AuthenticatorBase.invoke(AuthenticatorBase.java:542)
	at org.apache.catalina.core.StandardHostValve.invoke(StandardHostValve.java:143)
	at org.apache.catalina.valves.ErrorReportValve.invoke(ErrorReportValve.java:92)
	at org.apache.catalina.core.StandardEngineValve.invoke(StandardEngineValve.java:78)
	at org.apache.catalina.connector.CoyoteAdapter.service(CoyoteAdapter.java:357)
	at org.apache.coyote.http11.Http11Processor.service(Http11Processor.java:374)
	at org.apache.coyote.AbstractProcessorLight.process(AbstractProcessorLight.java:65)
	at org.apache.coyote.AbstractProtocol$ConnectionHandler.process(AbstractProtocol.java:893)
	at org.apache.tomcat.util.net.NioEndpoint$SocketProcessor.doRun(NioEndpoint.java:1707)
	at org.apache.tomcat.util.net.SocketProcessorBase.run(SocketProcessorBase.java:49)
	at java.util.concurrent.ThreadPoolExecutor.runWorker(ThreadPoolExecutor.java:1149)
	at java.util.concurrent.ThreadPoolExecutor$Worker.run(ThreadPoolExecutor.java:624)
	at org.apache.tomcat.util.threads.TaskThread$WrappingRunnable.run(TaskThread.java:61)
	at java.lang.Thread.run(Thread.java:748)
2021-06-02 17:45:46,875 INFO org.hibernate.validator.internal.util.Version [background-preinit] HV000001: Hibernate Validator 6.1.7.Final
2021-06-02 17:45:46,960 INFO org.springframework.boot.logging.DeferredLog [restartedMain] Devtools property defaults active! Set 'spring.devtools.add-properties' to 'false' to disable
2021-06-02 17:45:47,853 INFO org.springframework.boot.SpringApplication [restartedMain] No active profile set, falling back to default profiles: default
2021-06-02 17:45:48,600 WARN org.mybatis.logging.Logger [restartedMain] No MyBatis mapper was found in '[com.jta.in.cws]' package. Please check your configuration.
2021-06-02 17:45:48,684 INFO org.springframework.cloud.context.scope.GenericScope [restartedMain] BeanFactory id=0eaa32c0-5d92-3044-82cb-642967f74545
2021-06-02 17:45:49,676 INFO org.springframework.boot.web.embedded.tomcat.TomcatWebServer [restartedMain] Tomcat initialized with port(s): 8080 (http)
2021-06-02 17:45:49,686 INFO org.apache.juli.logging.DirectJDKLog [restartedMain] Initializing ProtocolHandler ["http-nio-8080"]
2021-06-02 17:45:49,686 INFO org.apache.juli.logging.DirectJDKLog [restartedMain] Starting service [Tomcat]
2021-06-02 17:45:49,686 INFO org.apache.juli.logging.DirectJDKLog [restartedMain] Starting Servlet engine: [Apache Tomcat/9.0.46]
2021-06-02 17:45:49,778 INFO org.apache.juli.logging.DirectJDKLog [restartedMain] Initializing Spring embedded WebApplicationContext
2021-06-02 17:45:49,779 INFO org.springframework.boot.web.servlet.context.ServletWebServerApplicationContext [restartedMain] Root WebApplicationContext: initialization completed in 1918 ms
2021-06-02 17:45:49,830 INFO com.zaxxer.hikari.HikariDataSource [restartedMain] HikariPool-1 - Starting...
2021-06-02 17:45:50,009 INFO com.zaxxer.hikari.HikariDataSource [restartedMain] HikariPool-1 - Start completed.
2021-06-02 17:45:50,015 INFO org.springframework.boot.autoconfigure.h2.H2ConsoleAutoConfiguration [restartedMain] H2 console available at '/h2-console'. Database available at 'jdbc:h2:mem:testdb'
2021-06-02 17:45:50,323 WARN com.netflix.config.sources.URLConfigurationSource [restartedMain] No URLs will be polled as dynamic configuration sources.
2021-06-02 17:45:50,324 INFO com.netflix.config.sources.URLConfigurationSource [restartedMain] To enable URLs as dynamic configuration sources, define System property archaius.configurationSource.additionalUrls or make config.properties available on classpath.
2021-06-02 17:45:50,331 WARN com.netflix.config.sources.URLConfigurationSource [restartedMain] No URLs will be polled as dynamic configuration sources.
2021-06-02 17:45:50,332 INFO com.netflix.config.sources.URLConfigurationSource [restartedMain] To enable URLs as dynamic configuration sources, define System property archaius.configurationSource.additionalUrls or make config.properties available on classpath.
2021-06-02 17:45:50,515 INFO org.springframework.scheduling.concurrent.ExecutorConfigurationSupport [restartedMain] Initializing ExecutorService 'applicationTaskExecutor'
2021-06-02 17:45:50,837 INFO org.springframework.boot.devtools.autoconfigure.OptionalLiveReloadServer [restartedMain] LiveReload server is running on port 35729
2021-06-02 17:45:51,325 INFO org.springframework.cloud.netflix.eureka.config.DiscoveryClientOptionalArgsConfiguration [restartedMain] Eureka HTTP Client uses Jersey
2021-06-02 17:45:51,848 WARN org.springframework.cloud.loadbalancer.config.BlockingLoadBalancerClientAutoConfiguration$BlockingLoadBalancerClientRibbonWarnLogger [restartedMain] You already have RibbonLoadBalancerClient on your classpath. It will be used by default. As Spring Cloud Ribbon is in maintenance mode. We recommend switching to BlockingLoadBalancerClient instead. In order to use it, set the value of `spring.cloud.loadbalancer.ribbon.enabled` to `false` or remove spring-cloud-starter-netflix-ribbon from your project.
2021-06-02 17:45:51,923 INFO org.springframework.cloud.netflix.eureka.InstanceInfoFactory [restartedMain] Setting initial instance status as: STARTING
2021-06-02 17:45:52,004 INFO com.netflix.discovery.DiscoveryClient [restartedMain] Initializing Eureka in region us-east-1
2021-06-02 17:45:52,190 INFO com.netflix.discovery.provider.DiscoveryJerseyProvider [restartedMain] Using JSON encoding codec LegacyJacksonJson
2021-06-02 17:45:52,191 INFO com.netflix.discovery.provider.DiscoveryJerseyProvider [restartedMain] Using JSON decoding codec LegacyJacksonJson
2021-06-02 17:45:52,339 INFO com.netflix.discovery.provider.DiscoveryJerseyProvider [restartedMain] Using XML encoding codec XStreamXml
2021-06-02 17:45:52,339 INFO com.netflix.discovery.provider.DiscoveryJerseyProvider [restartedMain] Using XML decoding codec XStreamXml
2021-06-02 17:45:52,565 INFO com.netflix.discovery.shared.resolver.aws.ConfigClusterResolver [restartedMain] Resolving eureka endpoints via configuration
2021-06-02 17:45:52,836 INFO com.netflix.discovery.DiscoveryClient [restartedMain] Disable delta property : false
2021-06-02 17:45:52,837 INFO com.netflix.discovery.DiscoveryClient [restartedMain] Single vip registry refresh property : null
2021-06-02 17:45:52,837 INFO com.netflix.discovery.DiscoveryClient [restartedMain] Force full registry fetch : false
2021-06-02 17:45:52,837 INFO com.netflix.discovery.DiscoveryClient [restartedMain] Application is null : false
2021-06-02 17:45:52,837 INFO com.netflix.discovery.DiscoveryClient [restartedMain] Registered Applications size is zero : true
2021-06-02 17:45:52,838 INFO com.netflix.discovery.DiscoveryClient [restartedMain] Application version is -1: true
2021-06-02 17:45:52,838 INFO com.netflix.discovery.DiscoveryClient [restartedMain] Getting all instance registry info from the eureka server
2021-06-02 17:45:53,015 INFO com.netflix.discovery.DiscoveryClient [restartedMain] The response status is 200
2021-06-02 17:45:53,017 INFO com.netflix.discovery.DiscoveryClient [restartedMain] Starting heartbeat executor: renew interval is: 30
2021-06-02 17:45:53,020 INFO com.netflix.discovery.InstanceInfoReplicator [restartedMain] InstanceInfoReplicator onDemand update allowed rate per min is 4
2021-06-02 17:45:53,024 INFO com.netflix.discovery.DiscoveryClient [restartedMain] Discovery Client initialized at timestamp 1622636153023 with initial instances count: 1
2021-06-02 17:45:53,026 INFO org.springframework.cloud.netflix.eureka.serviceregistry.EurekaServiceRegistry [restartedMain] Registering application COMMON-WEB-SERVICES with eureka with status UP
2021-06-02 17:45:53,026 INFO com.netflix.discovery.DiscoveryClient$3 [restartedMain] Saw local status change event StatusChangeEvent [timestamp=1622636153026, current=UP, previous=STARTING]
2021-06-02 17:45:53,029 INFO com.netflix.discovery.DiscoveryClient [DiscoveryClient-InstanceInfoReplicator-0] DiscoveryClient_COMMON-WEB-SERVICES/DLLT-9201.nectechnologies.in:COMMON-WEB-SERVICES: registering service...
2021-06-02 17:45:53,030 INFO org.apache.juli.logging.DirectJDKLog [restartedMain] Starting ProtocolHandler ["http-nio-8080"]
2021-06-02 17:45:53,062 INFO org.springframework.boot.web.embedded.tomcat.TomcatWebServer [restartedMain] Tomcat started on port(s): 8080 (http) with context path ''
2021-06-02 17:45:53,064 INFO org.springframework.cloud.netflix.eureka.serviceregistry.EurekaAutoServiceRegistration [restartedMain] Updating port to 8080
2021-06-02 17:45:53,075 INFO com.netflix.discovery.DiscoveryClient [DiscoveryClient-InstanceInfoReplicator-0] DiscoveryClient_COMMON-WEB-SERVICES/DLLT-9201.nectechnologies.in:COMMON-WEB-SERVICES - registration status: 204
2021-06-02 17:45:53,493 INFO org.springframework.boot.StartupInfoLogger [restartedMain] Started CommonWebservicesApplication in 7.639 seconds (JVM running for 8.273)
2021-06-02 17:46:00,860 INFO org.apache.juli.logging.DirectJDKLog [http-nio-8080-exec-1] Initializing Spring DispatcherServlet 'dispatcherServlet'
2021-06-02 17:46:00,860 INFO org.springframework.web.servlet.FrameworkServlet [http-nio-8080-exec-1] Initializing Servlet 'dispatcherServlet'
2021-06-02 17:46:00,867 INFO org.springframework.web.servlet.FrameworkServlet [http-nio-8080-exec-1] Completed initialization in 7 ms
2021-06-02 17:46:00,930 INFO com.jta.in.cws.controller.TestController [http-nio-8080-exec-1] createNewTableIfNotExists: 0
2021-06-02 17:46:00,932 INFO com.jta.in.cws.controller.TestController [http-nio-8080-exec-1] inser: 1
2021-06-02 17:46:01,065 INFO com.jta.in.cws.controller.TestController [http-nio-8080-exec-1] DATA: Student{id=1, name='Aliko', branch='CS', percentage=0, phone=0, email='ACS@gmail.com'}
2021-06-02 17:46:01,065 INFO com.jta.in.cws.controller.TestController [http-nio-8080-exec-1] DATA: Student{id=2, name='Bill', branch='IT', percentage=90, phone=8080, email='bill@gmail.com'}
2021-06-02 17:46:01,065 INFO com.jta.in.cws.controller.TestController [http-nio-8080-exec-1] DATA: Student{id=3, name='Folrunsho', branch='EE', percentage=0, phone=0, email='f_rusho@hotmail.com'}
2021-06-02 17:46:01,065 INFO com.jta.in.cws.controller.TestController [http-nio-8080-exec-1] DATA: Student{id=4, name='Test', branch='MC', percentage=80, phone=8909, email='Test@gmail.com'}
2021-06-02 17:50:52,856 INFO com.netflix.discovery.shared.resolver.aws.ConfigClusterResolver [AsyncResolver-bootstrap-executor-0] Resolving eureka endpoints via configuration
2021-06-02 17:55:52,869 INFO com.netflix.discovery.shared.resolver.aws.ConfigClusterResolver [AsyncResolver-bootstrap-executor-0] Resolving eureka endpoints via configuration
2021-06-02 18:00:52,876 INFO com.netflix.discovery.shared.resolver.aws.ConfigClusterResolver [AsyncResolver-bootstrap-executor-0] Resolving eureka endpoints via configuration
2021-06-02 18:05:52,886 INFO com.netflix.discovery.shared.resolver.aws.ConfigClusterResolver [AsyncResolver-bootstrap-executor-0] Resolving eureka endpoints via configuration
2021-06-02 18:09:49,544 INFO org.hibernate.validator.internal.util.Version [background-preinit] HV000001: Hibernate Validator 6.1.7.Final
2021-06-02 18:09:49,615 INFO org.springframework.boot.logging.DeferredLog [restartedMain] Devtools property defaults active! Set 'spring.devtools.add-properties' to 'false' to disable
2021-06-02 18:09:50,559 INFO org.springframework.boot.SpringApplication [restartedMain] No active profile set, falling back to default profiles: default
2021-06-02 18:09:51,451 WARN org.mybatis.logging.Logger [restartedMain] No MyBatis mapper was found in '[com.jta.in.cws]' package. Please check your configuration.
2021-06-02 18:09:51,549 INFO org.springframework.cloud.context.scope.GenericScope [restartedMain] BeanFactory id=0eaa32c0-5d92-3044-82cb-642967f74545
2021-06-02 18:09:52,727 INFO org.springframework.boot.web.embedded.tomcat.TomcatWebServer [restartedMain] Tomcat initialized with port(s): 8080 (http)
2021-06-02 18:09:52,738 INFO org.apache.juli.logging.DirectJDKLog [restartedMain] Initializing ProtocolHandler ["http-nio-8080"]
2021-06-02 18:09:52,739 INFO org.apache.juli.logging.DirectJDKLog [restartedMain] Starting service [Tomcat]
2021-06-02 18:09:52,739 INFO org.apache.juli.logging.DirectJDKLog [restartedMain] Starting Servlet engine: [Apache Tomcat/9.0.46]
2021-06-02 18:09:52,835 INFO org.apache.juli.logging.DirectJDKLog [restartedMain] Initializing Spring embedded WebApplicationContext
2021-06-02 18:09:52,836 INFO org.springframework.boot.web.servlet.context.ServletWebServerApplicationContext [restartedMain] Root WebApplicationContext: initialization completed in 2261 ms
2021-06-02 18:09:52,889 INFO com.zaxxer.hikari.HikariDataSource [restartedMain] HikariPool-1 - Starting...
2021-06-02 18:09:53,182 INFO com.zaxxer.hikari.HikariDataSource [restartedMain] HikariPool-1 - Start completed.
2021-06-02 18:09:53,192 INFO org.springframework.boot.autoconfigure.h2.H2ConsoleAutoConfiguration [restartedMain] H2 console available at '/h2-console'. Database available at 'jdbc:h2:mem:testdb'
2021-06-02 18:09:53,591 WARN com.netflix.config.sources.URLConfigurationSource [restartedMain] No URLs will be polled as dynamic configuration sources.
2021-06-02 18:09:53,592 INFO com.netflix.config.sources.URLConfigurationSource [restartedMain] To enable URLs as dynamic configuration sources, define System property archaius.configurationSource.additionalUrls or make config.properties available on classpath.
2021-06-02 18:09:53,602 WARN com.netflix.config.sources.URLConfigurationSource [restartedMain] No URLs will be polled as dynamic configuration sources.
2021-06-02 18:09:53,603 INFO com.netflix.config.sources.URLConfigurationSource [restartedMain] To enable URLs as dynamic configuration sources, define System property archaius.configurationSource.additionalUrls or make config.properties available on classpath.
2021-06-02 18:09:53,832 INFO org.springframework.scheduling.concurrent.ExecutorConfigurationSupport [restartedMain] Initializing ExecutorService 'applicationTaskExecutor'
2021-06-02 18:09:54,213 INFO org.springframework.boot.devtools.autoconfigure.OptionalLiveReloadServer [restartedMain] LiveReload server is running on port 35729
2021-06-02 18:09:54,862 INFO org.springframework.cloud.netflix.eureka.config.DiscoveryClientOptionalArgsConfiguration [restartedMain] Eureka HTTP Client uses Jersey
2021-06-02 18:09:55,377 WARN org.springframework.cloud.loadbalancer.config.BlockingLoadBalancerClientAutoConfiguration$BlockingLoadBalancerClientRibbonWarnLogger [restartedMain] You already have RibbonLoadBalancerClient on your classpath. It will be used by default. As Spring Cloud Ribbon is in maintenance mode. We recommend switching to BlockingLoadBalancerClient instead. In order to use it, set the value of `spring.cloud.loadbalancer.ribbon.enabled` to `false` or remove spring-cloud-starter-netflix-ribbon from your project.
2021-06-02 18:09:55,466 INFO org.springframework.cloud.netflix.eureka.InstanceInfoFactory [restartedMain] Setting initial instance status as: STARTING
2021-06-02 18:09:55,543 INFO com.netflix.discovery.DiscoveryClient [restartedMain] Initializing Eureka in region us-east-1
2021-06-02 18:09:55,800 INFO com.netflix.discovery.provider.DiscoveryJerseyProvider [restartedMain] Using JSON encoding codec LegacyJacksonJson
2021-06-02 18:09:55,800 INFO com.netflix.discovery.provider.DiscoveryJerseyProvider [restartedMain] Using JSON decoding codec LegacyJacksonJson
2021-06-02 18:09:55,919 INFO com.netflix.discovery.provider.DiscoveryJerseyProvider [restartedMain] Using XML encoding codec XStreamXml
2021-06-02 18:09:55,920 INFO com.netflix.discovery.provider.DiscoveryJerseyProvider [restartedMain] Using XML decoding codec XStreamXml
2021-06-02 18:09:56,107 INFO com.netflix.discovery.shared.resolver.aws.ConfigClusterResolver [restartedMain] Resolving eureka endpoints via configuration
2021-06-02 18:09:56,406 INFO com.netflix.discovery.DiscoveryClient [restartedMain] Disable delta property : false
2021-06-02 18:09:56,407 INFO com.netflix.discovery.DiscoveryClient [restartedMain] Single vip registry refresh property : null
2021-06-02 18:09:56,407 INFO com.netflix.discovery.DiscoveryClient [restartedMain] Force full registry fetch : false
2021-06-02 18:09:56,407 INFO com.netflix.discovery.DiscoveryClient [restartedMain] Application is null : false
2021-06-02 18:09:56,407 INFO com.netflix.discovery.DiscoveryClient [restartedMain] Registered Applications size is zero : true
2021-06-02 18:09:56,407 INFO com.netflix.discovery.DiscoveryClient [restartedMain] Application version is -1: true
2021-06-02 18:09:56,408 INFO com.netflix.discovery.DiscoveryClient [restartedMain] Getting all instance registry info from the eureka server
2021-06-02 18:09:56,565 INFO com.netflix.discovery.DiscoveryClient [restartedMain] The response status is 200
2021-06-02 18:09:56,567 INFO com.netflix.discovery.DiscoveryClient [restartedMain] Starting heartbeat executor: renew interval is: 30
2021-06-02 18:09:56,569 INFO com.netflix.discovery.InstanceInfoReplicator [restartedMain] InstanceInfoReplicator onDemand update allowed rate per min is 4
2021-06-02 18:09:56,572 INFO com.netflix.discovery.DiscoveryClient [restartedMain] Discovery Client initialized at timestamp 1622637596572 with initial instances count: 1
2021-06-02 18:09:56,574 INFO org.springframework.cloud.netflix.eureka.serviceregistry.EurekaServiceRegistry [restartedMain] Registering application COMMON-SERVICES with eureka with status UP
2021-06-02 18:09:56,575 INFO com.netflix.discovery.DiscoveryClient$3 [restartedMain] Saw local status change event StatusChangeEvent [timestamp=1622637596575, current=UP, previous=STARTING]
2021-06-02 18:09:56,578 INFO com.netflix.discovery.DiscoveryClient [DiscoveryClient-InstanceInfoReplicator-0] DiscoveryClient_COMMON-SERVICES/DLLT-9201.nectechnologies.in:COMMON-SERVICES: registering service...
2021-06-02 18:09:56,579 INFO org.apache.juli.logging.DirectJDKLog [restartedMain] Starting ProtocolHandler ["http-nio-8080"]
2021-06-02 18:09:56,608 INFO org.springframework.boot.web.embedded.tomcat.TomcatWebServer [restartedMain] Tomcat started on port(s): 8080 (http) with context path ''
2021-06-02 18:09:56,610 INFO org.springframework.cloud.netflix.eureka.serviceregistry.EurekaAutoServiceRegistration [restartedMain] Updating port to 8080
2021-06-02 18:09:56,620 INFO com.netflix.discovery.DiscoveryClient [DiscoveryClient-InstanceInfoReplicator-0] DiscoveryClient_COMMON-SERVICES/DLLT-9201.nectechnologies.in:COMMON-SERVICES - registration status: 204
2021-06-02 18:09:57,079 INFO org.springframework.boot.StartupInfoLogger [restartedMain] Started CommonWebservicesApplication in 8.41 seconds (JVM running for 9.238)
2021-06-02 18:10:11,723 INFO org.apache.juli.logging.DirectJDKLog [http-nio-8080-exec-1] Initializing Spring DispatcherServlet 'dispatcherServlet'
2021-06-02 18:10:11,724 INFO org.springframework.web.servlet.FrameworkServlet [http-nio-8080-exec-1] Initializing Servlet 'dispatcherServlet'
2021-06-02 18:10:11,732 INFO org.springframework.web.servlet.FrameworkServlet [http-nio-8080-exec-1] Completed initialization in 8 ms
2021-06-02 18:10:11,804 INFO com.jta.in.cws.controller.TestController [http-nio-8080-exec-1] createNewTableIfNotExists: 0
2021-06-02 18:10:11,806 INFO com.jta.in.cws.controller.TestController [http-nio-8080-exec-1] inser: 1
2021-06-02 18:10:11,977 INFO com.jta.in.cws.controller.TestController [http-nio-8080-exec-1] DATA: Student{id=1, name='Aliko', branch='CS', percentage=0, phone=0, email='ACS@gmail.com'}
2021-06-02 18:10:11,978 INFO com.jta.in.cws.controller.TestController [http-nio-8080-exec-1] DATA: Student{id=2, name='Bill', branch='IT', percentage=90, phone=8080, email='bill@gmail.com'}
2021-06-02 18:10:11,978 INFO com.jta.in.cws.controller.TestController [http-nio-8080-exec-1] DATA: Student{id=3, name='Folrunsho', branch='EE', percentage=0, phone=0, email='f_rusho@hotmail.com'}
2021-06-02 18:10:11,978 INFO com.jta.in.cws.controller.TestController [http-nio-8080-exec-1] DATA: Student{id=4, name='Test', branch='MC', percentage=80, phone=8909, email='Test@gmail.com'}
2021-06-02 18:14:56,421 INFO com.netflix.discovery.shared.resolver.aws.ConfigClusterResolver [AsyncResolver-bootstrap-executor-0] Resolving eureka endpoints via configuration
2021-06-02 18:19:56,423 INFO com.netflix.discovery.shared.resolver.aws.ConfigClusterResolver [AsyncResolver-bootstrap-executor-0] Resolving eureka endpoints via configuration
